{"D:\\Facultad\\TIP\\TP\\pupil\\src\\webview\\App.tsx": {"path":"D:\\Facultad\\TIP\\TP\\pupil\\src\\webview\\App.tsx","all":true,"statementMap":{"0":{"start":{"line":1,"column":0},"end":{"line":1,"column":18}},"1":{"start":{"line":2,"column":0},"end":{"line":2,"column":66}},"2":{"start":{"line":3,"column":0},"end":{"line":3,"column":63}},"3":{"start":{"line":4,"column":0},"end":{"line":4,"column":81}},"4":{"start":{"line":5,"column":0},"end":{"line":5,"column":59}},"5":{"start":{"line":6,"column":0},"end":{"line":6,"column":49}},"6":{"start":{"line":7,"column":0},"end":{"line":7,"column":66}},"7":{"start":{"line":8,"column":0},"end":{"line":8,"column":80}},"8":{"start":{"line":9,"column":0},"end":{"line":9,"column":74}},"10":{"start":{"line":11,"column":0},"end":{"line":11,"column":19}},"11":{"start":{"line":12,"column":0},"end":{"line":12,"column":9}},"12":{"start":{"line":13,"column":0},"end":{"line":13,"column":39}},"13":{"start":{"line":14,"column":0},"end":{"line":14,"column":76}},"14":{"start":{"line":15,"column":0},"end":{"line":15,"column":28}},"15":{"start":{"line":16,"column":0},"end":{"line":16,"column":23}},"16":{"start":{"line":17,"column":0},"end":{"line":17,"column":21}},"17":{"start":{"line":18,"column":0},"end":{"line":18,"column":29}},"18":{"start":{"line":19,"column":0},"end":{"line":19,"column":25}},"19":{"start":{"line":20,"column":0},"end":{"line":20,"column":30}},"20":{"start":{"line":21,"column":0},"end":{"line":21,"column":30}},"21":{"start":{"line":22,"column":0},"end":{"line":22,"column":22}},"22":{"start":{"line":23,"column":0},"end":{"line":23,"column":24}},"23":{"start":{"line":24,"column":0},"end":{"line":24,"column":29}},"24":{"start":{"line":25,"column":0},"end":{"line":25,"column":25}},"26":{"start":{"line":27,"column":0},"end":{"line":27,"column":1}},"28":{"start":{"line":29,"column":0},"end":{"line":29,"column":18}}},"s":{"0":0,"1":0,"2":0,"3":0,"4":0,"5":0,"6":0,"7":0,"8":0,"10":0,"11":0,"12":0,"13":0,"14":0,"15":0,"16":0,"17":0,"18":0,"19":0,"20":0,"21":0,"22":0,"23":0,"24":0,"26":0,"28":0},"branchMap":{"0":{"type":"branch","line":1,"loc":{"start":{"line":1,"column":1062},"end":{"line":29,"column":18}},"locations":[{"start":{"line":1,"column":1062},"end":{"line":29,"column":18}}]}},"b":{"0":[0]},"fnMap":{"0":{"name":"(empty-report)","decl":{"start":{"line":1,"column":1062},"end":{"line":29,"column":18}},"loc":{"start":{"line":1,"column":1062},"end":{"line":29,"column":18}},"line":1}},"f":{"0":0}}
,"D:\\Facultad\\TIP\\TP\\pupil\\src\\webview\\main.tsx": {"path":"D:\\Facultad\\TIP\\TP\\pupil\\src\\webview\\main.tsx","all":true,"statementMap":{"0":{"start":{"line":1,"column":0},"end":{"line":1,"column":39}},"1":{"start":{"line":2,"column":0},"end":{"line":2,"column":26}},"3":{"start":{"line":4,"column":0},"end":{"line":4,"column":49}},"5":{"start":{"line":6,"column":0},"end":{"line":6,"column":16}},"6":{"start":{"line":7,"column":0},"end":{"line":7,"column":44}},"7":{"start":{"line":8,"column":0},"end":{"line":8,"column":21}},"8":{"start":{"line":9,"column":0},"end":{"line":9,"column":1}}},"s":{"0":0,"1":0,"3":0,"5":0,"6":0,"7":0,"8":0},"branchMap":{"0":{"type":"branch","line":1,"loc":{"start":{"line":1,"column":201},"end":{"line":9,"column":-172}},"locations":[{"start":{"line":1,"column":201},"end":{"line":9,"column":-172}}]}},"b":{"0":[0]},"fnMap":{"0":{"name":"(empty-report)","decl":{"start":{"line":1,"column":201},"end":{"line":9,"column":-172}},"loc":{"start":{"line":1,"column":201},"end":{"line":9,"column":-172}},"line":1}},"f":{"0":0}}
,"D:\\Facultad\\TIP\\TP\\pupil\\src\\webview\\components\\FolderTree\\FolderTree.tsx": {"path":"D:\\Facultad\\TIP\\TP\\pupil\\src\\webview\\components\\FolderTree\\FolderTree.tsx","all":false,"statementMap":{"1":{"start":{"line":2,"column":0},"end":{"line":2,"column":59}},"2":{"start":{"line":3,"column":0},"end":{"line":3,"column":42}},"16":{"start":{"line":17,"column":0},"end":{"line":17,"column":71}},"17":{"start":{"line":18,"column":0},"end":{"line":18,"column":43}},"18":{"start":{"line":19,"column":0},"end":{"line":19,"column":43}},"19":{"start":{"line":20,"column":0},"end":{"line":20,"column":14}},"20":{"start":{"line":21,"column":0},"end":{"line":21,"column":43}},"21":{"start":{"line":22,"column":0},"end":{"line":22,"column":70}},"23":{"start":{"line":24,"column":0},"end":{"line":24,"column":15}},"24":{"start":{"line":25,"column":0},"end":{"line":25,"column":16}},"25":{"start":{"line":26,"column":0},"end":{"line":26,"column":35}},"26":{"start":{"line":27,"column":0},"end":{"line":27,"column":13}},"29":{"start":{"line":30,"column":0},"end":{"line":30,"column":63}},"30":{"start":{"line":31,"column":0},"end":{"line":31,"column":1}},"32":{"start":{"line":33,"column":0},"end":{"line":33,"column":25}}},"s":{"1":1,"2":1,"16":1,"17":12,"18":28,"19":28,"20":28,"21":28,"23":28,"24":28,"25":28,"26":28,"29":12,"30":12,"32":1},"branchMap":{"0":{"type":"branch","line":17,"loc":{"start":{"line":17,"column":46},"end":{"line":31,"column":1}},"locations":[{"start":{"line":17,"column":46},"end":{"line":31,"column":1}}]},"1":{"type":"branch","line":18,"loc":{"start":{"line":18,"column":20},"end":{"line":27,"column":13}},"locations":[{"start":{"line":18,"column":20},"end":{"line":27,"column":13}}]},"2":{"type":"branch","line":26,"loc":{"start":{"line":26,"column":9},"end":{"line":26,"column":23}},"locations":[{"start":{"line":26,"column":9},"end":{"line":26,"column":23}}]},"3":{"type":"branch","line":21,"loc":{"start":{"line":21,"column":13},"end":{"line":21,"column":43}},"locations":[{"start":{"line":21,"column":13},"end":{"line":21,"column":43}}]}},"b":{"0":[12],"1":[28],"2":[9],"3":[7]},"fnMap":{"0":{"name":"FolderTree","decl":{"start":{"line":17,"column":46},"end":{"line":31,"column":1}},"loc":{"start":{"line":17,"column":46},"end":{"line":31,"column":1}},"line":17},"1":{"name":"renderTree","decl":{"start":{"line":18,"column":20},"end":{"line":27,"column":13}},"loc":{"start":{"line":18,"column":20},"end":{"line":27,"column":13}},"line":18},"2":{"name":"onClick","decl":{"start":{"line":21,"column":13},"end":{"line":21,"column":43}},"loc":{"start":{"line":21,"column":13},"end":{"line":21,"column":43}},"line":21}},"f":{"0":12,"1":28,"2":7}}
,"D:\\Facultad\\TIP\\TP\\pupil\\src\\webview\\components\\FolderTree\\FolderTreeContainer.tsx": {"path":"D:\\Facultad\\TIP\\TP\\pupil\\src\\webview\\components\\FolderTree\\FolderTreeContainer.tsx","all":true,"statementMap":{"0":{"start":{"line":1,"column":0},"end":{"line":1,"column":30}},"1":{"start":{"line":2,"column":0},"end":{"line":2,"column":40}},"3":{"start":{"line":4,"column":0},"end":{"line":4,"column":68}},"4":{"start":{"line":5,"column":0},"end":{"line":5,"column":25}},"6":{"start":{"line":7,"column":0},"end":{"line":7,"column":45}},"7":{"start":{"line":8,"column":0},"end":{"line":8,"column":57}},"8":{"start":{"line":9,"column":0},"end":{"line":9,"column":56}},"9":{"start":{"line":10,"column":0},"end":{"line":10,"column":30}},"11":{"start":{"line":12,"column":0},"end":{"line":12,"column":24}},"12":{"start":{"line":13,"column":0},"end":{"line":13,"column":45}},"13":{"start":{"line":14,"column":0},"end":{"line":14,"column":25}},"14":{"start":{"line":15,"column":0},"end":{"line":15,"column":41}},"15":{"start":{"line":16,"column":0},"end":{"line":16,"column":22}},"16":{"start":{"line":17,"column":0},"end":{"line":17,"column":22}},"17":{"start":{"line":18,"column":0},"end":{"line":18,"column":4}},"18":{"start":{"line":19,"column":0},"end":{"line":19,"column":3}},"20":{"start":{"line":21,"column":0},"end":{"line":21,"column":46}},"21":{"start":{"line":22,"column":0},"end":{"line":22,"column":62}},"22":{"start":{"line":23,"column":0},"end":{"line":23,"column":7}},"24":{"start":{"line":25,"column":0},"end":{"line":25,"column":45}},"25":{"start":{"line":26,"column":0},"end":{"line":26,"column":65}},"26":{"start":{"line":27,"column":0},"end":{"line":27,"column":21}},"27":{"start":{"line":28,"column":0},"end":{"line":28,"column":13}},"28":{"start":{"line":29,"column":0},"end":{"line":29,"column":2}},"30":{"start":{"line":31,"column":0},"end":{"line":31,"column":18}},"31":{"start":{"line":32,"column":0},"end":{"line":32,"column":13}},"32":{"start":{"line":33,"column":0},"end":{"line":33,"column":2}},"34":{"start":{"line":35,"column":0},"end":{"line":35,"column":9}},"35":{"start":{"line":36,"column":0},"end":{"line":36,"column":39}},"36":{"start":{"line":37,"column":0},"end":{"line":37,"column":38}},"37":{"start":{"line":38,"column":0},"end":{"line":38,"column":71}},"38":{"start":{"line":39,"column":0},"end":{"line":39,"column":54}},"39":{"start":{"line":40,"column":0},"end":{"line":40,"column":9}},"40":{"start":{"line":41,"column":0},"end":{"line":41,"column":8}},"42":{"start":{"line":43,"column":0},"end":{"line":43,"column":1}},"44":{"start":{"line":45,"column":0},"end":{"line":45,"column":34}}},"s":{"0":0,"1":0,"3":0,"4":0,"6":0,"7":0,"8":0,"9":0,"11":0,"12":0,"13":0,"14":0,"15":0,"16":0,"17":0,"18":0,"20":0,"21":0,"22":0,"24":0,"25":0,"26":0,"27":0,"28":0,"30":0,"31":0,"32":0,"34":0,"35":0,"36":0,"37":0,"38":0,"39":0,"40":0,"42":0,"44":0},"branchMap":{"0":{"type":"branch","line":1,"loc":{"start":{"line":1,"column":1228},"end":{"line":45,"column":34}},"locations":[{"start":{"line":1,"column":1228},"end":{"line":45,"column":34}}]}},"b":{"0":[0]},"fnMap":{"0":{"name":"(empty-report)","decl":{"start":{"line":1,"column":1228},"end":{"line":45,"column":34}},"loc":{"start":{"line":1,"column":1228},"end":{"line":45,"column":34}},"line":1}},"f":{"0":0}}
,"D:\\Facultad\\TIP\\TP\\pupil\\src\\webview\\components\\PupilContainer\\PupilContainer.tsx": {"path":"D:\\Facultad\\TIP\\TP\\pupil\\src\\webview\\components\\PupilContainer\\PupilContainer.tsx","all":false,"statementMap":{"0":{"start":{"line":1,"column":0},"end":{"line":1,"column":64}},"1":{"start":{"line":2,"column":0},"end":{"line":2,"column":70}},"2":{"start":{"line":3,"column":0},"end":{"line":3,"column":66}},"3":{"start":{"line":4,"column":0},"end":{"line":4,"column":70}},"4":{"start":{"line":5,"column":0},"end":{"line":5,"column":57}},"5":{"start":{"line":6,"column":0},"end":{"line":6,"column":55}},"6":{"start":{"line":7,"column":0},"end":{"line":7,"column":43}},"7":{"start":{"line":8,"column":0},"end":{"line":8,"column":33}},"8":{"start":{"line":9,"column":0},"end":{"line":9,"column":64}},"9":{"start":{"line":10,"column":0},"end":{"line":10,"column":78}},"10":{"start":{"line":11,"column":0},"end":{"line":11,"column":84}},"11":{"start":{"line":12,"column":0},"end":{"line":12,"column":89}},"12":{"start":{"line":13,"column":0},"end":{"line":13,"column":68}},"13":{"start":{"line":14,"column":0},"end":{"line":14,"column":44}},"15":{"start":{"line":16,"column":0},"end":{"line":16,"column":30}},"16":{"start":{"line":17,"column":0},"end":{"line":17,"column":55}},"18":{"start":{"line":19,"column":0},"end":{"line":19,"column":8}},"19":{"start":{"line":20,"column":0},"end":{"line":20,"column":12}},"20":{"start":{"line":21,"column":0},"end":{"line":21,"column":18}},"21":{"start":{"line":22,"column":0},"end":{"line":22,"column":17}},"22":{"start":{"line":23,"column":0},"end":{"line":23,"column":22}},"23":{"start":{"line":24,"column":0},"end":{"line":24,"column":14}},"24":{"start":{"line":25,"column":0},"end":{"line":25,"column":8}},"25":{"start":{"line":26,"column":0},"end":{"line":26,"column":14}},"26":{"start":{"line":27,"column":0},"end":{"line":27,"column":20}},"27":{"start":{"line":28,"column":0},"end":{"line":28,"column":19}},"28":{"start":{"line":29,"column":0},"end":{"line":29,"column":20}},"29":{"start":{"line":30,"column":0},"end":{"line":30,"column":20}},"30":{"start":{"line":31,"column":0},"end":{"line":31,"column":18}},"31":{"start":{"line":32,"column":0},"end":{"line":32,"column":30}},"33":{"start":{"line":34,"column":0},"end":{"line":34,"column":8}},"34":{"start":{"line":35,"column":0},"end":{"line":35,"column":26}},"35":{"start":{"line":36,"column":0},"end":{"line":36,"column":23}},"36":{"start":{"line":37,"column":0},"end":{"line":37,"column":23}},"37":{"start":{"line":38,"column":0},"end":{"line":38,"column":21}},"38":{"start":{"line":39,"column":0},"end":{"line":39,"column":29}},"39":{"start":{"line":40,"column":0},"end":{"line":40,"column":26}},"40":{"start":{"line":41,"column":0},"end":{"line":41,"column":26}},"41":{"start":{"line":42,"column":0},"end":{"line":42,"column":23}},"42":{"start":{"line":43,"column":0},"end":{"line":43,"column":16}},"44":{"start":{"line":45,"column":0},"end":{"line":45,"column":28}},"45":{"start":{"line":46,"column":0},"end":{"line":46,"column":12}},"46":{"start":{"line":47,"column":0},"end":{"line":47,"column":48}},"47":{"start":{"line":48,"column":0},"end":{"line":48,"column":3}},"48":{"start":{"line":49,"column":0},"end":{"line":49,"column":3}},"50":{"start":{"line":51,"column":0},"end":{"line":51,"column":18}},"51":{"start":{"line":52,"column":0},"end":{"line":52,"column":29}},"52":{"start":{"line":53,"column":0},"end":{"line":53,"column":52}},"53":{"start":{"line":54,"column":0},"end":{"line":54,"column":10}},"54":{"start":{"line":55,"column":0},"end":{"line":55,"column":49}},"55":{"start":{"line":56,"column":0},"end":{"line":56,"column":3}},"56":{"start":{"line":57,"column":0},"end":{"line":57,"column":18}},"58":{"start":{"line":59,"column":0},"end":{"line":59,"column":9}},"59":{"start":{"line":60,"column":0},"end":{"line":60,"column":31}},"60":{"start":{"line":61,"column":0},"end":{"line":61,"column":14}},"61":{"start":{"line":62,"column":0},"end":{"line":62,"column":94}},"62":{"start":{"line":63,"column":0},"end":{"line":63,"column":30}},"63":{"start":{"line":64,"column":0},"end":{"line":64,"column":51}},"65":{"start":{"line":66,"column":0},"end":{"line":66,"column":50}},"67":{"start":{"line":68,"column":0},"end":{"line":68,"column":17}},"69":{"start":{"line":70,"column":0},"end":{"line":70,"column":82}},"70":{"start":{"line":71,"column":0},"end":{"line":71,"column":16}},"71":{"start":{"line":72,"column":0},"end":{"line":72,"column":20}},"72":{"start":{"line":73,"column":0},"end":{"line":73,"column":38}},"73":{"start":{"line":74,"column":0},"end":{"line":74,"column":33}},"74":{"start":{"line":75,"column":0},"end":{"line":75,"column":24}},"75":{"start":{"line":76,"column":0},"end":{"line":76,"column":6}},"76":{"start":{"line":77,"column":0},"end":{"line":77,"column":12}},"77":{"start":{"line":78,"column":0},"end":{"line":78,"column":26}},"78":{"start":{"line":79,"column":0},"end":{"line":79,"column":38}},"79":{"start":{"line":80,"column":0},"end":{"line":80,"column":36}},"80":{"start":{"line":81,"column":0},"end":{"line":81,"column":18}},"81":{"start":{"line":82,"column":0},"end":{"line":82,"column":30}},"82":{"start":{"line":83,"column":0},"end":{"line":83,"column":44}},"83":{"start":{"line":84,"column":0},"end":{"line":84,"column":69}},"84":{"start":{"line":85,"column":0},"end":{"line":85,"column":63}},"85":{"start":{"line":86,"column":0},"end":{"line":86,"column":63}},"86":{"start":{"line":87,"column":0},"end":{"line":87,"column":59}},"87":{"start":{"line":88,"column":0},"end":{"line":88,"column":6}},"88":{"start":{"line":89,"column":0},"end":{"line":89,"column":18}},"89":{"start":{"line":90,"column":0},"end":{"line":90,"column":34}},"90":{"start":{"line":91,"column":0},"end":{"line":91,"column":30}},"91":{"start":{"line":92,"column":0},"end":{"line":92,"column":33}},"92":{"start":{"line":93,"column":0},"end":{"line":93,"column":6}},"93":{"start":{"line":94,"column":0},"end":{"line":94,"column":19}},"94":{"start":{"line":95,"column":0},"end":{"line":95,"column":34}},"95":{"start":{"line":96,"column":0},"end":{"line":96,"column":69}},"96":{"start":{"line":97,"column":0},"end":{"line":97,"column":63}},"97":{"start":{"line":98,"column":0},"end":{"line":98,"column":63}},"98":{"start":{"line":99,"column":0},"end":{"line":99,"column":59}},"99":{"start":{"line":100,"column":0},"end":{"line":100,"column":6}},"100":{"start":{"line":101,"column":0},"end":{"line":101,"column":24}},"101":{"start":{"line":102,"column":0},"end":{"line":102,"column":37}},"102":{"start":{"line":103,"column":0},"end":{"line":103,"column":32}},"103":{"start":{"line":104,"column":0},"end":{"line":104,"column":54}},"104":{"start":{"line":105,"column":0},"end":{"line":105,"column":6}},"105":{"start":{"line":106,"column":0},"end":{"line":106,"column":27}},"106":{"start":{"line":107,"column":0},"end":{"line":107,"column":40}},"107":{"start":{"line":108,"column":0},"end":{"line":108,"column":59}},"108":{"start":{"line":109,"column":0},"end":{"line":109,"column":6}},"109":{"start":{"line":110,"column":0},"end":{"line":110,"column":21}},"110":{"start":{"line":111,"column":0},"end":{"line":111,"column":34}},"111":{"start":{"line":112,"column":0},"end":{"line":112,"column":26}},"112":{"start":{"line":113,"column":0},"end":{"line":113,"column":51}},"113":{"start":{"line":114,"column":0},"end":{"line":114,"column":40}},"114":{"start":{"line":115,"column":0},"end":{"line":115,"column":6}},"115":{"start":{"line":116,"column":0},"end":{"line":116,"column":19}},"116":{"start":{"line":117,"column":0},"end":{"line":117,"column":30}},"117":{"start":{"line":118,"column":0},"end":{"line":118,"column":49}},"118":{"start":{"line":119,"column":0},"end":{"line":119,"column":38}},"119":{"start":{"line":120,"column":0},"end":{"line":120,"column":36}},"120":{"start":{"line":121,"column":0},"end":{"line":121,"column":40}},"121":{"start":{"line":122,"column":0},"end":{"line":122,"column":6}},"122":{"start":{"line":123,"column":0},"end":{"line":123,"column":9}},"123":{"start":{"line":124,"column":0},"end":{"line":124,"column":18}},"125":{"start":{"line":126,"column":0},"end":{"line":126,"column":1}},"127":{"start":{"line":128,"column":0},"end":{"line":128,"column":29}}},"s":{"0":1,"1":1,"2":1,"3":1,"4":1,"5":1,"6":1,"7":1,"8":1,"9":1,"10":1,"11":1,"12":1,"13":1,"15":1,"16":5,"18":5,"19":5,"20":5,"21":5,"22":5,"23":5,"24":5,"25":5,"26":5,"27":5,"28":5,"29":5,"30":5,"31":5,"33":5,"34":5,"35":5,"36":5,"37":5,"38":5,"39":5,"40":5,"41":5,"42":5,"44":5,"45":5,"46":5,"47":5,"48":5,"50":5,"51":5,"52":1,"53":5,"54":4,"55":4,"56":5,"58":5,"59":5,"60":5,"61":0,"62":0,"63":0,"65":0,"67":0,"69":5,"70":5,"71":5,"72":5,"73":5,"74":5,"75":5,"76":5,"77":5,"78":5,"79":5,"80":5,"81":5,"82":5,"83":5,"84":5,"85":5,"86":5,"87":5,"88":5,"89":5,"90":5,"91":5,"92":5,"93":5,"94":5,"95":5,"96":5,"97":5,"98":5,"99":5,"100":5,"101":5,"102":5,"103":5,"104":5,"105":5,"106":5,"107":5,"108":5,"109":5,"110":5,"111":5,"112":5,"113":5,"114":5,"115":5,"116":5,"117":5,"118":5,"119":5,"120":5,"121":5,"122":5,"123":5,"125":5,"127":1},"branchMap":{"0":{"type":"branch","line":16,"loc":{"start":{"line":16,"column":23},"end":{"line":126,"column":1}},"locations":[{"start":{"line":16,"column":23},"end":{"line":126,"column":1}}]},"1":{"type":"branch","line":47,"loc":{"start":{"line":47,"column":25},"end":{"line":47,"column":42}},"locations":[{"start":{"line":47,"column":25},"end":{"line":47,"column":42}}]},"2":{"type":"branch","line":47,"loc":{"start":{"line":47,"column":32},"end":{"line":47,"column":48}},"locations":[{"start":{"line":47,"column":32},"end":{"line":47,"column":48}}]},"3":{"type":"branch","line":61,"loc":{"start":{"line":61,"column":4},"end":{"line":68,"column":17}},"locations":[{"start":{"line":61,"column":4},"end":{"line":68,"column":17}}]},"4":{"type":"branch","line":51,"loc":{"start":{"line":51,"column":11},"end":{"line":57,"column":4}},"locations":[{"start":{"line":51,"column":11},"end":{"line":57,"column":4}}]},"5":{"type":"branch","line":52,"loc":{"start":{"line":52,"column":28},"end":{"line":54,"column":9}},"locations":[{"start":{"line":52,"column":28},"end":{"line":54,"column":9}}]},"6":{"type":"branch","line":54,"loc":{"start":{"line":54,"column":2},"end":{"line":56,"column":3}},"locations":[{"start":{"line":54,"column":2},"end":{"line":56,"column":3}}]}},"b":{"0":[5],"1":[1],"2":[4],"3":[0],"4":[5],"5":[1],"6":[4]},"fnMap":{"0":{"name":"PupilContainer","decl":{"start":{"line":16,"column":23},"end":{"line":126,"column":1}},"loc":{"start":{"line":16,"column":23},"end":{"line":126,"column":1}},"line":16},"1":{"name":"openSimpleBrowserDialog","decl":{"start":{"line":84,"column":30},"end":{"line":84,"column":69}},"loc":{"start":{"line":84,"column":30},"end":{"line":84,"column":69}},"line":84},"2":{"name":"openFileFolderDialog","decl":{"start":{"line":85,"column":27},"end":{"line":85,"column":63}},"loc":{"start":{"line":85,"column":27},"end":{"line":85,"column":63}},"line":85},"3":{"name":"openTranscriptDialog","decl":{"start":{"line":86,"column":27},"end":{"line":86,"column":63}},"loc":{"start":{"line":86,"column":27},"end":{"line":86,"column":63}},"line":86},"4":{"name":"openSettingsDialog","decl":{"start":{"line":87,"column":25},"end":{"line":87,"column":59}},"loc":{"start":{"line":87,"column":25},"end":{"line":87,"column":59}},"line":87},"5":{"name":"openSimpleBrowserDialog","decl":{"start":{"line":96,"column":30},"end":{"line":96,"column":69}},"loc":{"start":{"line":96,"column":30},"end":{"line":96,"column":69}},"line":96},"6":{"name":"openFileFolderDialog","decl":{"start":{"line":97,"column":27},"end":{"line":97,"column":63}},"loc":{"start":{"line":97,"column":27},"end":{"line":97,"column":63}},"line":97},"7":{"name":"openTranscriptDialog","decl":{"start":{"line":98,"column":27},"end":{"line":98,"column":63}},"loc":{"start":{"line":98,"column":27},"end":{"line":98,"column":63}},"line":98},"8":{"name":"openSettingsDialog","decl":{"start":{"line":99,"column":25},"end":{"line":99,"column":59}},"loc":{"start":{"line":99,"column":25},"end":{"line":99,"column":59}},"line":99},"9":{"name":"onClose","decl":{"start":{"line":104,"column":14},"end":{"line":104,"column":54}},"loc":{"start":{"line":104,"column":14},"end":{"line":104,"column":54}},"line":104},"10":{"name":"onExternalClose","decl":{"start":{"line":108,"column":22},"end":{"line":108,"column":59}},"loc":{"start":{"line":108,"column":22},"end":{"line":108,"column":59}},"line":108},"11":{"name":"onClose","decl":{"start":{"line":113,"column":14},"end":{"line":113,"column":51}},"loc":{"start":{"line":113,"column":14},"end":{"line":113,"column":51}},"line":113},"12":{"name":"onClose","decl":{"start":{"line":118,"column":14},"end":{"line":118,"column":49}},"loc":{"start":{"line":118,"column":14},"end":{"line":118,"column":49}},"line":118}},"f":{"0":5,"1":0,"2":0,"3":0,"4":0,"5":0,"6":0,"7":0,"8":0,"9":0,"10":0,"11":0,"12":0}}
,"D:\\Facultad\\TIP\\TP\\pupil\\src\\webview\\components\\PupilContainer\\hooks\\useDialog.ts": {"path":"D:\\Facultad\\TIP\\TP\\pupil\\src\\webview\\components\\PupilContainer\\hooks\\useDialog.ts","all":false,"statementMap":{"0":{"start":{"line":1,"column":0},"end":{"line":1,"column":32}},"2":{"start":{"line":3,"column":0},"end":{"line":3,"column":25}},"3":{"start":{"line":4,"column":0},"end":{"line":4,"column":78}},"4":{"start":{"line":5,"column":0},"end":{"line":5,"column":72}},"5":{"start":{"line":6,"column":0},"end":{"line":6,"column":72}},"6":{"start":{"line":7,"column":0},"end":{"line":7,"column":68}},"8":{"start":{"line":9,"column":0},"end":{"line":9,"column":9}},"9":{"start":{"line":10,"column":0},"end":{"line":10,"column":26}},"10":{"start":{"line":11,"column":0},"end":{"line":11,"column":23}},"11":{"start":{"line":12,"column":0},"end":{"line":12,"column":23}},"12":{"start":{"line":13,"column":0},"end":{"line":13,"column":21}},"13":{"start":{"line":14,"column":0},"end":{"line":14,"column":29}},"14":{"start":{"line":15,"column":0},"end":{"line":15,"column":26}},"15":{"start":{"line":16,"column":0},"end":{"line":16,"column":26}},"16":{"start":{"line":17,"column":0},"end":{"line":17,"column":23}},"17":{"start":{"line":18,"column":0},"end":{"line":18,"column":2}},"18":{"start":{"line":19,"column":0},"end":{"line":19,"column":1}},"20":{"start":{"line":21,"column":0},"end":{"line":21,"column":24}}},"s":{"0":1,"2":1,"3":5,"4":5,"5":5,"6":5,"8":5,"9":5,"10":5,"11":5,"12":5,"13":5,"14":5,"15":5,"16":5,"17":5,"18":5,"20":1},"branchMap":{"0":{"type":"branch","line":3,"loc":{"start":{"line":3,"column":18},"end":{"line":19,"column":1}},"locations":[{"start":{"line":3,"column":18},"end":{"line":19,"column":1}}]}},"b":{"0":[5]},"fnMap":{"0":{"name":"useDialog","decl":{"start":{"line":3,"column":18},"end":{"line":19,"column":1}},"loc":{"start":{"line":3,"column":18},"end":{"line":19,"column":1}},"line":3}},"f":{"0":5}}
,"D:\\Facultad\\TIP\\TP\\pupil\\src\\webview\\components\\PupilContainer\\hooks\\usePupilContainer.ts": {"path":"D:\\Facultad\\TIP\\TP\\pupil\\src\\webview\\components\\PupilContainer\\hooks\\usePupilContainer.ts","all":false,"statementMap":{"0":{"start":{"line":1,"column":0},"end":{"line":1,"column":68}},"1":{"start":{"line":2,"column":0},"end":{"line":2,"column":76}},"3":{"start":{"line":4,"column":0},"end":{"line":4,"column":51}},"4":{"start":{"line":5,"column":0},"end":{"line":5,"column":81}},"14":{"start":{"line":15,"column":0},"end":{"line":15,"column":33}},"15":{"start":{"line":16,"column":0},"end":{"line":16,"column":30}},"16":{"start":{"line":17,"column":0},"end":{"line":17,"column":50}},"17":{"start":{"line":18,"column":0},"end":{"line":18,"column":70}},"18":{"start":{"line":19,"column":0},"end":{"line":19,"column":58}},"19":{"start":{"line":20,"column":0},"end":{"line":20,"column":76}},"20":{"start":{"line":21,"column":0},"end":{"line":21,"column":66}},"21":{"start":{"line":22,"column":0},"end":{"line":22,"column":80}},"22":{"start":{"line":23,"column":0},"end":{"line":23,"column":31}},"23":{"start":{"line":24,"column":0},"end":{"line":24,"column":2}},"25":{"start":{"line":26,"column":0},"end":{"line":26,"column":18}},"26":{"start":{"line":27,"column":0},"end":{"line":27,"column":50}},"27":{"start":{"line":28,"column":0},"end":{"line":28,"column":41}},"28":{"start":{"line":29,"column":0},"end":{"line":29,"column":36}},"29":{"start":{"line":30,"column":0},"end":{"line":30,"column":4}},"30":{"start":{"line":31,"column":0},"end":{"line":31,"column":41}},"31":{"start":{"line":32,"column":0},"end":{"line":32,"column":30}},"32":{"start":{"line":33,"column":0},"end":{"line":33,"column":4}},"33":{"start":{"line":34,"column":0},"end":{"line":34,"column":49}},"34":{"start":{"line":35,"column":0},"end":{"line":35,"column":42}},"35":{"start":{"line":36,"column":0},"end":{"line":36,"column":4}},"36":{"start":{"line":37,"column":0},"end":{"line":37,"column":3}},"38":{"start":{"line":39,"column":0},"end":{"line":39,"column":51}},"39":{"start":{"line":40,"column":0},"end":{"line":40,"column":67}},"40":{"start":{"line":41,"column":0},"end":{"line":41,"column":7}},"42":{"start":{"line":43,"column":0},"end":{"line":43,"column":32}},"43":{"start":{"line":44,"column":0},"end":{"line":44,"column":11}},"44":{"start":{"line":45,"column":0},"end":{"line":45,"column":59}},"45":{"start":{"line":46,"column":0},"end":{"line":46,"column":55}},"46":{"start":{"line":47,"column":0},"end":{"line":47,"column":55}},"47":{"start":{"line":48,"column":0},"end":{"line":48,"column":59}},"48":{"start":{"line":49,"column":0},"end":{"line":49,"column":54}},"49":{"start":{"line":50,"column":0},"end":{"line":50,"column":52}},"50":{"start":{"line":51,"column":0},"end":{"line":51,"column":31}},"51":{"start":{"line":52,"column":0},"end":{"line":52,"column":51}},"52":{"start":{"line":53,"column":0},"end":{"line":53,"column":24}},"53":{"start":{"line":54,"column":0},"end":{"line":54,"column":5}},"54":{"start":{"line":55,"column":0},"end":{"line":55,"column":29}},"55":{"start":{"line":56,"column":0},"end":{"line":56,"column":49}},"56":{"start":{"line":57,"column":0},"end":{"line":57,"column":24}},"57":{"start":{"line":58,"column":0},"end":{"line":58,"column":5}},"58":{"start":{"line":59,"column":0},"end":{"line":59,"column":65}},"59":{"start":{"line":60,"column":0},"end":{"line":60,"column":56}},"60":{"start":{"line":61,"column":0},"end":{"line":61,"column":20}},"61":{"start":{"line":62,"column":0},"end":{"line":62,"column":45}},"62":{"start":{"line":63,"column":0},"end":{"line":63,"column":30}},"63":{"start":{"line":64,"column":0},"end":{"line":64,"column":5}},"64":{"start":{"line":65,"column":0},"end":{"line":65,"column":45}},"65":{"start":{"line":66,"column":0},"end":{"line":66,"column":44}},"66":{"start":{"line":67,"column":0},"end":{"line":67,"column":4}},"67":{"start":{"line":68,"column":0},"end":{"line":68,"column":13}},"68":{"start":{"line":69,"column":0},"end":{"line":69,"column":67}},"69":{"start":{"line":70,"column":0},"end":{"line":70,"column":65}},"70":{"start":{"line":71,"column":0},"end":{"line":71,"column":67}},"71":{"start":{"line":72,"column":0},"end":{"line":72,"column":31}},"72":{"start":{"line":73,"column":0},"end":{"line":73,"column":51}},"73":{"start":{"line":74,"column":0},"end":{"line":74,"column":24}},"74":{"start":{"line":75,"column":0},"end":{"line":75,"column":5}},"75":{"start":{"line":76,"column":0},"end":{"line":76,"column":29}},"76":{"start":{"line":77,"column":0},"end":{"line":77,"column":49}},"77":{"start":{"line":78,"column":0},"end":{"line":78,"column":24}},"78":{"start":{"line":79,"column":0},"end":{"line":79,"column":5}},"79":{"start":{"line":80,"column":0},"end":{"line":80,"column":65}},"80":{"start":{"line":81,"column":0},"end":{"line":81,"column":67}},"81":{"start":{"line":82,"column":0},"end":{"line":82,"column":61}},"82":{"start":{"line":83,"column":0},"end":{"line":83,"column":71}},"83":{"start":{"line":84,"column":0},"end":{"line":84,"column":4}},"84":{"start":{"line":85,"column":0},"end":{"line":85,"column":11}},"85":{"start":{"line":86,"column":0},"end":{"line":86,"column":47}},"86":{"start":{"line":87,"column":0},"end":{"line":87,"column":43}},"87":{"start":{"line":88,"column":0},"end":{"line":88,"column":23}},"88":{"start":{"line":89,"column":0},"end":{"line":89,"column":27}},"89":{"start":{"line":90,"column":0},"end":{"line":90,"column":53}},"90":{"start":{"line":91,"column":0},"end":{"line":91,"column":31}},"91":{"start":{"line":92,"column":0},"end":{"line":92,"column":4}},"92":{"start":{"line":93,"column":0},"end":{"line":93,"column":3}},"93":{"start":{"line":94,"column":0},"end":{"line":94,"column":2}},"95":{"start":{"line":96,"column":0},"end":{"line":96,"column":49}},"96":{"start":{"line":97,"column":0},"end":{"line":97,"column":33}},"97":{"start":{"line":98,"column":0},"end":{"line":98,"column":26}},"98":{"start":{"line":99,"column":0},"end":{"line":99,"column":20}},"99":{"start":{"line":100,"column":0},"end":{"line":100,"column":34}},"100":{"start":{"line":101,"column":0},"end":{"line":101,"column":43}},"101":{"start":{"line":102,"column":0},"end":{"line":102,"column":36}},"102":{"start":{"line":103,"column":0},"end":{"line":103,"column":65}},"103":{"start":{"line":104,"column":0},"end":{"line":104,"column":3}},"104":{"start":{"line":105,"column":0},"end":{"line":105,"column":2}},"106":{"start":{"line":107,"column":0},"end":{"line":107,"column":48}},"107":{"start":{"line":108,"column":0},"end":{"line":108,"column":29}},"108":{"start":{"line":109,"column":0},"end":{"line":109,"column":48}},"109":{"start":{"line":110,"column":0},"end":{"line":110,"column":23}},"110":{"start":{"line":111,"column":0},"end":{"line":111,"column":38}},"111":{"start":{"line":112,"column":0},"end":{"line":112,"column":48}},"112":{"start":{"line":113,"column":0},"end":{"line":113,"column":21}},"113":{"start":{"line":114,"column":0},"end":{"line":114,"column":3}},"114":{"start":{"line":115,"column":0},"end":{"line":115,"column":2}},"116":{"start":{"line":117,"column":0},"end":{"line":117,"column":59}},"117":{"start":{"line":118,"column":0},"end":{"line":118,"column":74}},"118":{"start":{"line":119,"column":0},"end":{"line":119,"column":2}},"120":{"start":{"line":121,"column":0},"end":{"line":121,"column":34}},"121":{"start":{"line":122,"column":0},"end":{"line":122,"column":53}},"122":{"start":{"line":123,"column":0},"end":{"line":123,"column":2}},"124":{"start":{"line":125,"column":0},"end":{"line":125,"column":33}},"125":{"start":{"line":126,"column":0},"end":{"line":126,"column":52}},"126":{"start":{"line":127,"column":0},"end":{"line":127,"column":2}},"128":{"start":{"line":129,"column":0},"end":{"line":129,"column":9}},"129":{"start":{"line":130,"column":0},"end":{"line":130,"column":12}},"130":{"start":{"line":131,"column":0},"end":{"line":131,"column":18}},"131":{"start":{"line":132,"column":0},"end":{"line":132,"column":61}},"132":{"start":{"line":133,"column":0},"end":{"line":133,"column":22}},"133":{"start":{"line":134,"column":0},"end":{"line":134,"column":14}},"134":{"start":{"line":135,"column":0},"end":{"line":135,"column":8}},"135":{"start":{"line":136,"column":0},"end":{"line":136,"column":14}},"136":{"start":{"line":137,"column":0},"end":{"line":137,"column":88}},"137":{"start":{"line":138,"column":0},"end":{"line":138,"column":19}},"138":{"start":{"line":139,"column":0},"end":{"line":139,"column":20}},"139":{"start":{"line":140,"column":0},"end":{"line":140,"column":20}},"140":{"start":{"line":141,"column":0},"end":{"line":141,"column":18}},"141":{"start":{"line":142,"column":0},"end":{"line":142,"column":2}},"142":{"start":{"line":143,"column":0},"end":{"line":143,"column":1}},"144":{"start":{"line":145,"column":0},"end":{"line":145,"column":32}}},"s":{"0":1,"1":1,"3":1,"4":1,"14":1,"15":36,"16":36,"17":36,"18":36,"19":36,"20":36,"21":36,"22":36,"23":36,"25":36,"26":19,"27":5,"28":3,"29":3,"30":5,"31":1,"32":1,"33":5,"34":1,"35":1,"36":5,"38":19,"39":19,"40":36,"42":36,"43":36,"44":36,"45":36,"46":36,"47":36,"48":36,"49":36,"50":36,"51":1,"52":1,"53":1,"54":36,"55":1,"56":1,"57":1,"58":36,"59":36,"60":36,"61":1,"62":1,"63":1,"64":36,"65":36,"66":36,"67":36,"68":36,"69":36,"70":36,"71":36,"72":0,"73":0,"74":0,"75":36,"76":0,"77":0,"78":0,"79":36,"80":36,"81":36,"82":36,"83":36,"84":36,"85":36,"86":36,"87":36,"88":36,"89":0,"90":0,"91":0,"92":36,"93":36,"95":36,"96":9,"97":9,"98":7,"99":9,"100":1,"101":1,"102":1,"103":1,"104":9,"106":36,"107":5,"108":4,"109":4,"110":5,"111":1,"112":1,"113":1,"114":5,"116":36,"117":1,"118":1,"120":36,"121":1,"122":1,"124":36,"125":1,"126":1,"128":36,"129":36,"130":36,"131":36,"132":36,"133":36,"134":36,"135":36,"136":36,"137":36,"138":36,"139":36,"140":36,"141":36,"142":36,"144":1},"branchMap":{"0":{"type":"branch","line":15,"loc":{"start":{"line":15,"column":26},"end":{"line":143,"column":1}},"locations":[{"start":{"line":15,"column":26},"end":{"line":143,"column":1}}]},"1":{"type":"branch","line":26,"loc":{"start":{"line":26,"column":11},"end":{"line":41,"column":4}},"locations":[{"start":{"line":26,"column":11},"end":{"line":41,"column":4}}]},"2":{"type":"branch","line":27,"loc":{"start":{"line":27,"column":24},"end":{"line":37,"column":3}},"locations":[{"start":{"line":27,"column":24},"end":{"line":37,"column":3}}]},"3":{"type":"branch","line":28,"loc":{"start":{"line":28,"column":40},"end":{"line":30,"column":4}},"locations":[{"start":{"line":28,"column":40},"end":{"line":30,"column":4}}]},"4":{"type":"branch","line":31,"loc":{"start":{"line":31,"column":40},"end":{"line":33,"column":4}},"locations":[{"start":{"line":31,"column":40},"end":{"line":33,"column":4}}]},"5":{"type":"branch","line":34,"loc":{"start":{"line":34,"column":48},"end":{"line":36,"column":4}},"locations":[{"start":{"line":34,"column":48},"end":{"line":36,"column":4}}]},"6":{"type":"branch","line":40,"loc":{"start":{"line":40,"column":9},"end":{"line":40,"column":67}},"locations":[{"start":{"line":40,"column":9},"end":{"line":40,"column":67}}]},"7":{"type":"branch","line":51,"loc":{"start":{"line":51,"column":24},"end":{"line":54,"column":5}},"locations":[{"start":{"line":51,"column":24},"end":{"line":54,"column":5}}]},"8":{"type":"branch","line":55,"loc":{"start":{"line":55,"column":22},"end":{"line":58,"column":5}},"locations":[{"start":{"line":55,"column":22},"end":{"line":58,"column":5}}]},"9":{"type":"branch","line":61,"loc":{"start":{"line":61,"column":13},"end":{"line":64,"column":5}},"locations":[{"start":{"line":61,"column":13},"end":{"line":64,"column":5}}]},"10":{"type":"branch","line":63,"loc":{"start":{"line":63,"column":14},"end":{"line":63,"column":29}},"locations":[{"start":{"line":63,"column":14},"end":{"line":63,"column":29}}]},"11":{"type":"branch","line":71,"loc":{"start":{"line":71,"column":14},"end":{"line":71,"column":67}},"locations":[{"start":{"line":71,"column":14},"end":{"line":71,"column":67}}]},"12":{"type":"branch","line":80,"loc":{"start":{"line":80,"column":12},"end":{"line":80,"column":65}},"locations":[{"start":{"line":80,"column":12},"end":{"line":80,"column":65}}]},"13":{"type":"branch","line":81,"loc":{"start":{"line":81,"column":14},"end":{"line":81,"column":67}},"locations":[{"start":{"line":81,"column":14},"end":{"line":81,"column":67}}]},"14":{"type":"branch","line":83,"loc":{"start":{"line":83,"column":21},"end":{"line":83,"column":71}},"locations":[{"start":{"line":83,"column":21},"end":{"line":83,"column":71}}]},"15":{"type":"branch","line":96,"loc":{"start":{"line":96,"column":29},"end":{"line":105,"column":2}},"locations":[{"start":{"line":96,"column":29},"end":{"line":105,"column":2}}]},"16":{"type":"branch","line":98,"loc":{"start":{"line":98,"column":25},"end":{"line":100,"column":13}},"locations":[{"start":{"line":98,"column":25},"end":{"line":100,"column":13}}]},"17":{"type":"branch","line":100,"loc":{"start":{"line":100,"column":2},"end":{"line":104,"column":3}},"locations":[{"start":{"line":100,"column":2},"end":{"line":104,"column":3}}]},"18":{"type":"branch","line":100,"loc":{"start":{"line":100,"column":33},"end":{"line":104,"column":3}},"locations":[{"start":{"line":100,"column":33},"end":{"line":104,"column":3}}]},"19":{"type":"branch","line":101,"loc":{"start":{"line":101,"column":13},"end":{"line":101,"column":37}},"locations":[{"start":{"line":101,"column":13},"end":{"line":101,"column":37}}]},"20":{"type":"branch","line":107,"loc":{"start":{"line":107,"column":21},"end":{"line":115,"column":2}},"locations":[{"start":{"line":107,"column":21},"end":{"line":115,"column":2}}]},"21":{"type":"branch","line":108,"loc":{"start":{"line":108,"column":28},"end":{"line":111,"column":13}},"locations":[{"start":{"line":108,"column":28},"end":{"line":111,"column":13}}]},"22":{"type":"branch","line":111,"loc":{"start":{"line":111,"column":2},"end":{"line":114,"column":3}},"locations":[{"start":{"line":111,"column":2},"end":{"line":114,"column":3}}]},"23":{"type":"branch","line":117,"loc":{"start":{"line":117,"column":27},"end":{"line":119,"column":2}},"locations":[{"start":{"line":117,"column":27},"end":{"line":119,"column":2}}]},"24":{"type":"branch","line":121,"loc":{"start":{"line":121,"column":27},"end":{"line":123,"column":2}},"locations":[{"start":{"line":121,"column":27},"end":{"line":123,"column":2}}]},"25":{"type":"branch","line":125,"loc":{"start":{"line":125,"column":26},"end":{"line":127,"column":2}},"locations":[{"start":{"line":125,"column":26},"end":{"line":127,"column":2}}]},"26":{"type":"branch","line":132,"loc":{"start":{"line":132,"column":18},"end":{"line":132,"column":61}},"locations":[{"start":{"line":132,"column":18},"end":{"line":132,"column":61}}]},"27":{"type":"branch","line":137,"loc":{"start":{"line":137,"column":21},"end":{"line":137,"column":88}},"locations":[{"start":{"line":137,"column":21},"end":{"line":137,"column":88}}]},"28":{"type":"branch","line":137,"loc":{"start":{"line":137,"column":42},"end":{"line":137,"column":86}},"locations":[{"start":{"line":137,"column":42},"end":{"line":137,"column":86}}]},"29":{"type":"branch","line":137,"loc":{"start":{"line":137,"column":62},"end":{"line":137,"column":81}},"locations":[{"start":{"line":137,"column":62},"end":{"line":137,"column":81}}]},"30":{"type":"branch","line":137,"loc":{"start":{"line":137,"column":69},"end":{"line":137,"column":86}},"locations":[{"start":{"line":137,"column":69},"end":{"line":137,"column":86}}]}},"b":{"0":[36],"1":[19],"2":[5],"3":[3],"4":[1],"5":[1],"6":[19],"7":[1],"8":[1],"9":[1],"10":[0],"11":[1],"12":[1],"13":[1],"14":[1],"15":[9],"16":[7],"17":[2],"18":[1],"19":[0],"20":[5],"21":[4],"22":[1],"23":[1],"24":[1],"25":[1],"26":[3],"27":[2],"28":[2],"29":[1],"30":[1]},"fnMap":{"0":{"name":"usePupilContainer","decl":{"start":{"line":15,"column":26},"end":{"line":143,"column":1}},"loc":{"start":{"line":15,"column":26},"end":{"line":143,"column":1}},"line":15},"1":{"name":"handleMessage","decl":{"start":{"line":27,"column":24},"end":{"line":37,"column":3}},"loc":{"start":{"line":27,"column":24},"end":{"line":37,"column":3}},"line":27},"2":{"name":"{space}","decl":{"start":{"line":45,"column":14},"end":{"line":45,"column":59}},"loc":{"start":{"line":45,"column":14},"end":{"line":45,"column":59}},"line":45},"3":{"name":"{bksp}","decl":{"start":{"line":46,"column":13},"end":{"line":46,"column":55}},"loc":{"start":{"line":46,"column":13},"end":{"line":46,"column":55}},"line":46},"4":{"name":"{enter}","decl":{"start":{"line":47,"column":14},"end":{"line":47,"column":55}},"loc":{"start":{"line":47,"column":14},"end":{"line":47,"column":55}},"line":47},"5":{"name":"{comment}","decl":{"start":{"line":48,"column":16},"end":{"line":48,"column":59}},"loc":{"start":{"line":48,"column":16},"end":{"line":48,"column":59}},"line":48},"6":{"name":"{copy}","decl":{"start":{"line":49,"column":13},"end":{"line":49,"column":54}},"loc":{"start":{"line":49,"column":13},"end":{"line":49,"column":54}},"line":49},"7":{"name":"{cut}","decl":{"start":{"line":50,"column":12},"end":{"line":50,"column":52}},"loc":{"start":{"line":50,"column":12},"end":{"line":50,"column":52}},"line":50},"8":{"name":"{create-terminal}","decl":{"start":{"line":51,"column":24},"end":{"line":54,"column":5}},"loc":{"start":{"line":51,"column":24},"end":{"line":54,"column":5}},"line":51},"9":{"name":"{open-terminal}","decl":{"start":{"line":55,"column":22},"end":{"line":58,"column":5}},"loc":{"start":{"line":55,"column":22},"end":{"line":58,"column":5}},"line":55},"10":{"name":"{cls}","decl":{"start":{"line":59,"column":12},"end":{"line":59,"column":65}},"loc":{"start":{"line":59,"column":12},"end":{"line":59,"column":65}},"line":59},"11":{"name":"{paste}","decl":{"start":{"line":60,"column":14},"end":{"line":60,"column":56}},"loc":{"start":{"line":60,"column":14},"end":{"line":60,"column":56}},"line":60},"12":{"name":"{save}","decl":{"start":{"line":61,"column":13},"end":{"line":64,"column":5}},"loc":{"start":{"line":61,"column":13},"end":{"line":64,"column":5}},"line":61},"13":{"name":"{undo}","decl":{"start":{"line":65,"column":13},"end":{"line":65,"column":45}},"loc":{"start":{"line":65,"column":13},"end":{"line":65,"column":45}},"line":65},"14":{"name":"{redo}","decl":{"start":{"line":66,"column":13},"end":{"line":66,"column":44}},"loc":{"start":{"line":66,"column":13},"end":{"line":66,"column":44}},"line":66},"15":{"name":"{space}","decl":{"start":{"line":69,"column":14},"end":{"line":69,"column":67}},"loc":{"start":{"line":69,"column":14},"end":{"line":69,"column":67}},"line":69},"16":{"name":"{bksp}","decl":{"start":{"line":70,"column":13},"end":{"line":70,"column":65}},"loc":{"start":{"line":70,"column":13},"end":{"line":70,"column":65}},"line":70},"17":{"name":"{enter}","decl":{"start":{"line":71,"column":14},"end":{"line":71,"column":67}},"loc":{"start":{"line":71,"column":14},"end":{"line":71,"column":67}},"line":71},"18":{"name":"{create-terminal}","decl":{"start":{"line":72,"column":24},"end":{"line":75,"column":5}},"loc":{"start":{"line":72,"column":24},"end":{"line":75,"column":5}},"line":72},"19":{"name":"{open-terminal}","decl":{"start":{"line":76,"column":22},"end":{"line":79,"column":5}},"loc":{"start":{"line":76,"column":22},"end":{"line":79,"column":5}},"line":76},"20":{"name":"{cls}","decl":{"start":{"line":80,"column":12},"end":{"line":80,"column":65}},"loc":{"start":{"line":80,"column":12},"end":{"line":80,"column":65}},"line":80},"21":{"name":"{paste}","decl":{"start":{"line":81,"column":14},"end":{"line":81,"column":67}},"loc":{"start":{"line":81,"column":14},"end":{"line":81,"column":67}},"line":81},"22":{"name":"{save}","decl":{"start":{"line":82,"column":13},"end":{"line":82,"column":61}},"loc":{"start":{"line":82,"column":13},"end":{"line":82,"column":61}},"line":82},"23":{"name":"{stop-process}","decl":{"start":{"line":83,"column":21},"end":{"line":83,"column":71}},"loc":{"start":{"line":83,"column":21},"end":{"line":83,"column":71}},"line":83},"24":{"name":"{space}","decl":{"start":{"line":86,"column":14},"end":{"line":86,"column":47}},"loc":{"start":{"line":86,"column":14},"end":{"line":86,"column":47}},"line":86},"25":{"name":"{bksp}","decl":{"start":{"line":87,"column":13},"end":{"line":87,"column":43}},"loc":{"start":{"line":87,"column":13},"end":{"line":87,"column":43}},"line":87},"26":{"name":"{enter}","decl":{"start":{"line":88,"column":14},"end":{"line":88,"column":23}},"loc":{"start":{"line":88,"column":14},"end":{"line":88,"column":23}},"line":88},"27":{"name":"{paste}","decl":{"start":{"line":89,"column":14},"end":{"line":92,"column":4}},"loc":{"start":{"line":89,"column":14},"end":{"line":92,"column":4}},"line":89},"28":{"name":"handleKeyboardInput","decl":{"start":{"line":96,"column":29},"end":{"line":105,"column":2}},"loc":{"start":{"line":96,"column":29},"end":{"line":105,"column":2}},"line":96},"29":{"name":"switchFocus","decl":{"start":{"line":107,"column":21},"end":{"line":115,"column":2}},"loc":{"start":{"line":107,"column":21},"end":{"line":115,"column":2}},"line":107},"30":{"name":"openSimpleBrowser","decl":{"start":{"line":117,"column":27},"end":{"line":119,"column":2}},"loc":{"start":{"line":117,"column":27},"end":{"line":119,"column":2}},"line":117},"31":{"name":"handleStartServer","decl":{"start":{"line":121,"column":27},"end":{"line":123,"column":2}},"loc":{"start":{"line":121,"column":27},"end":{"line":123,"column":2}},"line":121},"32":{"name":"handleStopServer","decl":{"start":{"line":125,"column":26},"end":{"line":127,"column":2}},"loc":{"start":{"line":125,"column":26},"end":{"line":127,"column":2}},"line":125},"33":{"name":"toggleKeyboard","decl":{"start":{"line":132,"column":18},"end":{"line":132,"column":61}},"loc":{"start":{"line":132,"column":18},"end":{"line":132,"column":61}},"line":132},"34":{"name":"switchColorScheme","decl":{"start":{"line":137,"column":21},"end":{"line":137,"column":88}},"loc":{"start":{"line":137,"column":21},"end":{"line":137,"column":88}},"line":137}},"f":{"0":36,"1":5,"2":0,"3":0,"4":0,"5":0,"6":0,"7":0,"8":1,"9":1,"10":0,"11":0,"12":1,"13":0,"14":0,"15":0,"16":0,"17":1,"18":0,"19":0,"20":1,"21":1,"22":0,"23":1,"24":0,"25":0,"26":0,"27":0,"28":9,"29":5,"30":1,"31":1,"32":1,"33":3,"34":2}}
,"D:\\Facultad\\TIP\\TP\\pupil\\src\\webview\\components\\PupilDialog\\PupilDialog.tsx": {"path":"D:\\Facultad\\TIP\\TP\\pupil\\src\\webview\\components\\PupilDialog\\PupilDialog.tsx","all":false,"statementMap":{"0":{"start":{"line":1,"column":0},"end":{"line":1,"column":84}},"1":{"start":{"line":2,"column":0},"end":{"line":2,"column":40}},"2":{"start":{"line":3,"column":0},"end":{"line":3,"column":23}},"3":{"start":{"line":4,"column":0},"end":{"line":4,"column":54}},"4":{"start":{"line":5,"column":0},"end":{"line":5,"column":55}},"18":{"start":{"line":19,"column":0},"end":{"line":19,"column":22}},"19":{"start":{"line":20,"column":0},"end":{"line":20,"column":6}},"20":{"start":{"line":21,"column":0},"end":{"line":21,"column":7}},"21":{"start":{"line":22,"column":0},"end":{"line":22,"column":10}},"22":{"start":{"line":23,"column":0},"end":{"line":23,"column":10}},"23":{"start":{"line":24,"column":0},"end":{"line":24,"column":10}},"24":{"start":{"line":25,"column":0},"end":{"line":25,"column":9}},"25":{"start":{"line":26,"column":0},"end":{"line":26,"column":14}},"26":{"start":{"line":27,"column":0},"end":{"line":27,"column":14}},"27":{"start":{"line":28,"column":0},"end":{"line":28,"column":12}},"28":{"start":{"line":29,"column":0},"end":{"line":29,"column":25}},"29":{"start":{"line":30,"column":0},"end":{"line":30,"column":42}},"30":{"start":{"line":31,"column":0},"end":{"line":31,"column":31}},"32":{"start":{"line":33,"column":0},"end":{"line":33,"column":23}},"33":{"start":{"line":34,"column":0},"end":{"line":34,"column":10}},"34":{"start":{"line":35,"column":0},"end":{"line":35,"column":5}},"35":{"start":{"line":36,"column":0},"end":{"line":36,"column":8}},"36":{"start":{"line":37,"column":0},"end":{"line":37,"column":38}},"37":{"start":{"line":38,"column":0},"end":{"line":38,"column":67}},"38":{"start":{"line":39,"column":0},"end":{"line":39,"column":22}},"39":{"start":{"line":40,"column":0},"end":{"line":40,"column":6}},"40":{"start":{"line":41,"column":0},"end":{"line":41,"column":9}},"41":{"start":{"line":42,"column":0},"end":{"line":42,"column":81}},"42":{"start":{"line":43,"column":0},"end":{"line":43,"column":10}},"43":{"start":{"line":44,"column":0},"end":{"line":44,"column":50}},"44":{"start":{"line":45,"column":0},"end":{"line":45,"column":33}},"45":{"start":{"line":46,"column":0},"end":{"line":46,"column":7}},"47":{"start":{"line":48,"column":0},"end":{"line":48,"column":44}},"48":{"start":{"line":49,"column":0},"end":{"line":49,"column":42}},"49":{"start":{"line":50,"column":0},"end":{"line":50,"column":87}},"50":{"start":{"line":51,"column":0},"end":{"line":51,"column":20}},"51":{"start":{"line":52,"column":0},"end":{"line":52,"column":20}},"52":{"start":{"line":53,"column":0},"end":{"line":53,"column":21}},"53":{"start":{"line":54,"column":0},"end":{"line":54,"column":27}},"54":{"start":{"line":55,"column":0},"end":{"line":55,"column":36}},"55":{"start":{"line":56,"column":0},"end":{"line":56,"column":26}},"56":{"start":{"line":57,"column":0},"end":{"line":57,"column":9}},"58":{"start":{"line":59,"column":0},"end":{"line":59,"column":20}},"59":{"start":{"line":60,"column":0},"end":{"line":60,"column":20}},"60":{"start":{"line":61,"column":0},"end":{"line":61,"column":21}},"61":{"start":{"line":62,"column":0},"end":{"line":62,"column":27}},"62":{"start":{"line":63,"column":0},"end":{"line":63,"column":36}},"63":{"start":{"line":64,"column":0},"end":{"line":64,"column":26}},"64":{"start":{"line":65,"column":0},"end":{"line":65,"column":9}},"66":{"start":{"line":67,"column":0},"end":{"line":67,"column":19}},"67":{"start":{"line":68,"column":0},"end":{"line":68,"column":19}},"68":{"start":{"line":69,"column":0},"end":{"line":69,"column":11}},"69":{"start":{"line":70,"column":0},"end":{"line":70,"column":6}},"71":{"start":{"line":72,"column":0},"end":{"line":72,"column":2}},"73":{"start":{"line":74,"column":0},"end":{"line":74,"column":70}},"74":{"start":{"line":75,"column":0},"end":{"line":75,"column":1}},"76":{"start":{"line":77,"column":0},"end":{"line":77,"column":26}}},"s":{"0":1,"1":1,"2":1,"3":1,"4":1,"18":1,"19":40,"20":40,"21":40,"22":40,"23":40,"24":40,"25":40,"26":40,"27":40,"28":40,"29":40,"30":40,"32":40,"33":29,"34":29,"35":29,"36":29,"37":29,"38":29,"39":29,"40":29,"41":29,"42":29,"43":29,"44":29,"45":29,"47":29,"48":29,"49":29,"50":29,"51":5,"52":5,"53":5,"54":5,"55":5,"56":5,"58":29,"59":5,"60":5,"61":5,"62":5,"63":5,"64":5,"66":29,"67":29,"68":29,"69":29,"71":29,"73":40,"74":40,"76":1},"branchMap":{"0":{"type":"branch","line":19,"loc":{"start":{"line":19,"column":20},"end":{"line":75,"column":1}},"locations":[{"start":{"line":19,"column":20},"end":{"line":75,"column":1}}]},"1":{"type":"branch","line":74,"loc":{"start":{"line":74,"column":24},"end":{"line":74,"column":70}},"locations":[{"start":{"line":74,"column":24},"end":{"line":74,"column":70}}]},"2":{"type":"branch","line":33,"loc":{"start":{"line":33,"column":16},"end":{"line":72,"column":2}},"locations":[{"start":{"line":33,"column":16},"end":{"line":72,"column":2}}]},"3":{"type":"branch","line":48,"loc":{"start":{"line":48,"column":6},"end":{"line":48,"column":44}},"locations":[{"start":{"line":48,"column":6},"end":{"line":48,"column":44}}]},"4":{"type":"branch","line":50,"loc":{"start":{"line":50,"column":45},"end":{"line":50,"column":70}},"locations":[{"start":{"line":50,"column":45},"end":{"line":50,"column":70}}]},"5":{"type":"branch","line":50,"loc":{"start":{"line":50,"column":58},"end":{"line":50,"column":83}},"locations":[{"start":{"line":50,"column":58},"end":{"line":50,"column":83}}]},"6":{"type":"branch","line":51,"loc":{"start":{"line":51,"column":7},"end":{"line":57,"column":9}},"locations":[{"start":{"line":51,"column":7},"end":{"line":57,"column":9}}]},"7":{"type":"branch","line":59,"loc":{"start":{"line":59,"column":7},"end":{"line":65,"column":9}},"locations":[{"start":{"line":59,"column":7},"end":{"line":65,"column":9}}]}},"b":{"0":[40],"1":[29],"2":[29],"3":[10],"4":[24],"5":[19],"6":[5],"7":[5]},"fnMap":{"0":{"name":"PupilDialog","decl":{"start":{"line":19,"column":20},"end":{"line":75,"column":1}},"loc":{"start":{"line":19,"column":20},"end":{"line":75,"column":1}},"line":19},"1":{"name":"Dialog","decl":{"start":{"line":33,"column":16},"end":{"line":72,"column":2}},"loc":{"start":{"line":33,"column":16},"end":{"line":72,"column":2}},"line":33}},"f":{"0":40,"1":29}}
,"D:\\Facultad\\TIP\\TP\\pupil\\src\\webview\\components\\PupilDialog\\components\\ActionButton.tsx": {"path":"D:\\Facultad\\TIP\\TP\\pupil\\src\\webview\\components\\PupilDialog\\components\\ActionButton.tsx","all":false,"statementMap":{"0":{"start":{"line":1,"column":0},"end":{"line":1,"column":38}},"9":{"start":{"line":10,"column":0},"end":{"line":10,"column":77}},"10":{"start":{"line":11,"column":0},"end":{"line":11,"column":8}},"11":{"start":{"line":12,"column":0},"end":{"line":12,"column":19}},"12":{"start":{"line":13,"column":0},"end":{"line":13,"column":7}},"13":{"start":{"line":14,"column":0},"end":{"line":14,"column":34}},"14":{"start":{"line":15,"column":0},"end":{"line":15,"column":16}},"15":{"start":{"line":16,"column":0},"end":{"line":16,"column":17}},"16":{"start":{"line":17,"column":0},"end":{"line":17,"column":14}},"17":{"start":{"line":18,"column":0},"end":{"line":18,"column":15}},"18":{"start":{"line":19,"column":0},"end":{"line":19,"column":24}},"19":{"start":{"line":20,"column":0},"end":{"line":20,"column":14}},"20":{"start":{"line":21,"column":0},"end":{"line":21,"column":5}},"21":{"start":{"line":22,"column":0},"end":{"line":22,"column":4}},"22":{"start":{"line":23,"column":0},"end":{"line":23,"column":44}},"24":{"start":{"line":25,"column":0},"end":{"line":25,"column":16}},"25":{"start":{"line":26,"column":0},"end":{"line":26,"column":10}},"28":{"start":{"line":29,"column":0},"end":{"line":29,"column":27}}},"s":{"0":1,"9":1,"10":6,"11":6,"12":6,"13":6,"14":6,"15":2,"16":2,"17":2,"18":2,"19":2,"20":2,"21":6,"22":6,"24":6,"25":6,"28":1},"branchMap":{"0":{"type":"branch","line":10,"loc":{"start":{"line":10,"column":21},"end":{"line":26,"column":10}},"locations":[{"start":{"line":10,"column":21},"end":{"line":26,"column":10}}]},"1":{"type":"branch","line":14,"loc":{"start":{"line":14,"column":10},"end":{"line":14,"column":34}},"locations":[{"start":{"line":14,"column":10},"end":{"line":14,"column":34}}]},"2":{"type":"branch","line":15,"loc":{"start":{"line":15,"column":7},"end":{"line":21,"column":5}},"locations":[{"start":{"line":15,"column":7},"end":{"line":21,"column":5}}]},"3":{"type":"branch","line":23,"loc":{"start":{"line":23,"column":13},"end":{"line":23,"column":41}},"locations":[{"start":{"line":23,"column":13},"end":{"line":23,"column":41}}]},"4":{"type":"branch","line":23,"loc":{"start":{"line":23,"column":20},"end":{"line":23,"column":44}},"locations":[{"start":{"line":23,"column":20},"end":{"line":23,"column":44}}]},"5":{"type":"branch","line":25,"loc":{"start":{"line":25,"column":3},"end":{"line":25,"column":16}},"locations":[{"start":{"line":25,"column":3},"end":{"line":25,"column":16}}]}},"b":{"0":[6],"1":[0],"2":[2],"3":[2],"4":[4],"5":[4]},"fnMap":{"0":{"name":"ActionButton","decl":{"start":{"line":10,"column":21},"end":{"line":26,"column":10}},"loc":{"start":{"line":10,"column":21},"end":{"line":26,"column":10}},"line":10}},"f":{"0":6}}
,"D:\\Facultad\\TIP\\TP\\pupil\\src\\webview\\components\\PupilDialog\\hooks\\usePupilDialog.ts": {"path":"D:\\Facultad\\TIP\\TP\\pupil\\src\\webview\\components\\PupilDialog\\hooks\\usePupilDialog.ts","all":false,"statementMap":{"0":{"start":{"line":1,"column":0},"end":{"line":1,"column":43}},"2":{"start":{"line":3,"column":0},"end":{"line":3,"column":30}},"3":{"start":{"line":4,"column":0},"end":{"line":4,"column":70}},"4":{"start":{"line":5,"column":0},"end":{"line":5,"column":87}},"5":{"start":{"line":6,"column":0},"end":{"line":6,"column":2}},"7":{"start":{"line":8,"column":0},"end":{"line":8,"column":18}},"8":{"start":{"line":9,"column":0},"end":{"line":9,"column":54}},"9":{"start":{"line":10,"column":0},"end":{"line":10,"column":9}},"10":{"start":{"line":11,"column":0},"end":{"line":11,"column":3}},"12":{"start":{"line":13,"column":0},"end":{"line":13,"column":47}},"13":{"start":{"line":14,"column":0},"end":{"line":14,"column":64}},"14":{"start":{"line":15,"column":0},"end":{"line":15,"column":16}},"15":{"start":{"line":16,"column":0},"end":{"line":16,"column":27}},"16":{"start":{"line":17,"column":0},"end":{"line":17,"column":25}},"17":{"start":{"line":18,"column":0},"end":{"line":18,"column":4}},"18":{"start":{"line":19,"column":0},"end":{"line":19,"column":4}},"20":{"start":{"line":21,"column":0},"end":{"line":21,"column":69}},"21":{"start":{"line":22,"column":0},"end":{"line":22,"column":36}},"22":{"start":{"line":23,"column":0},"end":{"line":23,"column":19}},"24":{"start":{"line":25,"column":0},"end":{"line":25,"column":24}},"25":{"start":{"line":26,"column":0},"end":{"line":26,"column":1}},"27":{"start":{"line":28,"column":0},"end":{"line":28,"column":29}}},"s":{"0":1,"2":1,"3":17,"4":17,"5":17,"7":17,"8":6,"9":6,"10":6,"12":0,"13":0,"14":0,"15":0,"16":0,"17":0,"18":0,"20":0,"21":0,"22":17,"24":17,"25":17,"27":1},"branchMap":{"0":{"type":"branch","line":3,"loc":{"start":{"line":3,"column":23},"end":{"line":26,"column":1}},"locations":[{"start":{"line":3,"column":23},"end":{"line":26,"column":1}}]},"1":{"type":"branch","line":5,"loc":{"start":{"line":5,"column":79},"end":{"line":5,"column":87}},"locations":[{"start":{"line":5,"column":79},"end":{"line":5,"column":87}}]},"2":{"type":"branch","line":8,"loc":{"start":{"line":8,"column":11},"end":{"line":23,"column":4}},"locations":[{"start":{"line":8,"column":11},"end":{"line":23,"column":4}}]},"3":{"type":"branch","line":9,"loc":{"start":{"line":9,"column":6},"end":{"line":9,"column":53}},"locations":[{"start":{"line":9,"column":6},"end":{"line":9,"column":53}}]},"4":{"type":"branch","line":11,"loc":{"start":{"line":11,"column":2},"end":{"line":22,"column":36}},"locations":[{"start":{"line":11,"column":2},"end":{"line":22,"column":36}}]}},"b":{"0":[17],"1":[0],"2":[6],"3":[0],"4":[0]},"fnMap":{"0":{"name":"usePupilDialog","decl":{"start":{"line":3,"column":23},"end":{"line":26,"column":1}},"loc":{"start":{"line":3,"column":23},"end":{"line":26,"column":1}},"line":3}},"f":{"0":17}}
,"D:\\Facultad\\TIP\\TP\\pupil\\src\\webview\\components\\PupilEditor\\PupilEditor.tsx": {"path":"D:\\Facultad\\TIP\\TP\\pupil\\src\\webview\\components\\PupilEditor\\PupilEditor.tsx","all":false,"statementMap":{"0":{"start":{"line":1,"column":0},"end":{"line":1,"column":45}},"1":{"start":{"line":2,"column":0},"end":{"line":2,"column":34}},"3":{"start":{"line":4,"column":0},"end":{"line":4,"column":54}},"4":{"start":{"line":5,"column":0},"end":{"line":5,"column":52}},"5":{"start":{"line":6,"column":0},"end":{"line":6,"column":40}},"13":{"start":{"line":14,"column":0},"end":{"line":14,"column":98}},"14":{"start":{"line":15,"column":0},"end":{"line":15,"column":45}},"15":{"start":{"line":16,"column":0},"end":{"line":16,"column":75}},"17":{"start":{"line":18,"column":0},"end":{"line":18,"column":9}},"18":{"start":{"line":19,"column":0},"end":{"line":19,"column":72}},"19":{"start":{"line":20,"column":0},"end":{"line":20,"column":20}},"20":{"start":{"line":21,"column":0},"end":{"line":21,"column":11}},"21":{"start":{"line":22,"column":0},"end":{"line":22,"column":18}},"22":{"start":{"line":23,"column":0},"end":{"line":23,"column":24}},"23":{"start":{"line":24,"column":0},"end":{"line":24,"column":18}},"24":{"start":{"line":25,"column":0},"end":{"line":25,"column":32}},"25":{"start":{"line":26,"column":0},"end":{"line":26,"column":30}},"26":{"start":{"line":27,"column":0},"end":{"line":27,"column":28}},"27":{"start":{"line":28,"column":0},"end":{"line":28,"column":40}},"28":{"start":{"line":29,"column":0},"end":{"line":29,"column":18}},"29":{"start":{"line":30,"column":0},"end":{"line":30,"column":6}},"31":{"start":{"line":32,"column":0},"end":{"line":32,"column":65}},"33":{"start":{"line":34,"column":0},"end":{"line":34,"column":36}},"34":{"start":{"line":35,"column":0},"end":{"line":35,"column":8}},"36":{"start":{"line":37,"column":0},"end":{"line":37,"column":2}},"38":{"start":{"line":39,"column":0},"end":{"line":39,"column":26}}},"s":{"0":1,"1":1,"3":1,"4":1,"5":1,"13":1,"14":61,"15":61,"17":61,"18":61,"19":61,"20":27,"21":27,"22":27,"23":27,"24":27,"25":27,"26":27,"27":27,"28":27,"29":27,"31":34,"33":61,"34":61,"36":61,"38":1},"branchMap":{"0":{"type":"branch","line":14,"loc":{"start":{"line":14,"column":68},"end":{"line":37,"column":2}},"locations":[{"start":{"line":14,"column":68},"end":{"line":37,"column":2}}]},"1":{"type":"branch","line":19,"loc":{"start":{"line":19,"column":45},"end":{"line":19,"column":60}},"locations":[{"start":{"line":19,"column":45},"end":{"line":19,"column":60}}]},"2":{"type":"branch","line":19,"loc":{"start":{"line":19,"column":55},"end":{"line":19,"column":68}},"locations":[{"start":{"line":19,"column":55},"end":{"line":19,"column":68}}]},"3":{"type":"branch","line":20,"loc":{"start":{"line":20,"column":4},"end":{"line":30,"column":6}},"locations":[{"start":{"line":20,"column":4},"end":{"line":30,"column":6}}]},"4":{"type":"branch","line":30,"loc":{"start":{"line":30,"column":4},"end":{"line":32,"column":65}},"locations":[{"start":{"line":30,"column":4},"end":{"line":32,"column":65}}]}},"b":{"0":[61],"1":[7],"2":[54],"3":[27],"4":[34]},"fnMap":{},"f":{}}
,"D:\\Facultad\\TIP\\TP\\pupil\\src\\webview\\components\\PupilEditor\\hooks\\useEditorState.ts": {"path":"D:\\Facultad\\TIP\\TP\\pupil\\src\\webview\\components\\PupilEditor\\hooks\\useEditorState.ts","all":false,"statementMap":{"0":{"start":{"line":1,"column":0},"end":{"line":1,"column":68}},"1":{"start":{"line":2,"column":0},"end":{"line":2,"column":43}},"3":{"start":{"line":4,"column":0},"end":{"line":4,"column":30}},"4":{"start":{"line":5,"column":0},"end":{"line":5,"column":47}},"5":{"start":{"line":6,"column":0},"end":{"line":6,"column":62}},"6":{"start":{"line":7,"column":0},"end":{"line":7,"column":30}},"7":{"start":{"line":8,"column":0},"end":{"line":8,"column":53}},"9":{"start":{"line":10,"column":0},"end":{"line":10,"column":18}},"10":{"start":{"line":11,"column":0},"end":{"line":11,"column":50}},"11":{"start":{"line":12,"column":0},"end":{"line":12,"column":36}},"12":{"start":{"line":13,"column":0},"end":{"line":13,"column":26}},"13":{"start":{"line":14,"column":0},"end":{"line":14,"column":4}},"14":{"start":{"line":15,"column":0},"end":{"line":15,"column":3}},"16":{"start":{"line":17,"column":0},"end":{"line":17,"column":51}},"17":{"start":{"line":18,"column":0},"end":{"line":18,"column":39}},"19":{"start":{"line":20,"column":0},"end":{"line":20,"column":67}},"20":{"start":{"line":21,"column":0},"end":{"line":21,"column":7}},"22":{"start":{"line":23,"column":0},"end":{"line":23,"column":51}},"23":{"start":{"line":24,"column":0},"end":{"line":24,"column":24}},"24":{"start":{"line":25,"column":0},"end":{"line":25,"column":24}},"26":{"start":{"line":27,"column":0},"end":{"line":27,"column":50}},"27":{"start":{"line":28,"column":0},"end":{"line":28,"column":22}},"28":{"start":{"line":29,"column":0},"end":{"line":29,"column":57}},"29":{"start":{"line":30,"column":0},"end":{"line":30,"column":22}},"30":{"start":{"line":31,"column":0},"end":{"line":31,"column":44}},"31":{"start":{"line":32,"column":0},"end":{"line":32,"column":16}},"32":{"start":{"line":33,"column":0},"end":{"line":33,"column":42}},"33":{"start":{"line":34,"column":0},"end":{"line":34,"column":20}},"34":{"start":{"line":35,"column":0},"end":{"line":35,"column":43}},"35":{"start":{"line":36,"column":0},"end":{"line":36,"column":15}},"36":{"start":{"line":37,"column":0},"end":{"line":37,"column":44}},"37":{"start":{"line":38,"column":0},"end":{"line":38,"column":16}},"38":{"start":{"line":39,"column":0},"end":{"line":39,"column":3}},"40":{"start":{"line":41,"column":0},"end":{"line":41,"column":36}},"41":{"start":{"line":42,"column":0},"end":{"line":42,"column":19}},"42":{"start":{"line":43,"column":0},"end":{"line":43,"column":2}},"44":{"start":{"line":45,"column":0},"end":{"line":45,"column":56}},"45":{"start":{"line":46,"column":0},"end":{"line":46,"column":22}},"46":{"start":{"line":47,"column":0},"end":{"line":47,"column":16}},"47":{"start":{"line":48,"column":0},"end":{"line":48,"column":23}},"48":{"start":{"line":49,"column":0},"end":{"line":49,"column":4}},"49":{"start":{"line":50,"column":0},"end":{"line":50,"column":23}},"50":{"start":{"line":51,"column":0},"end":{"line":51,"column":2}},"52":{"start":{"line":53,"column":0},"end":{"line":53,"column":57}},"53":{"start":{"line":54,"column":0},"end":{"line":54,"column":1}},"55":{"start":{"line":56,"column":0},"end":{"line":56,"column":29}}},"s":{"0":1,"1":1,"3":1,"4":61,"5":61,"6":61,"7":61,"9":61,"10":34,"11":26,"12":26,"13":26,"14":26,"16":34,"17":34,"19":34,"20":61,"22":61,"23":26,"24":26,"26":26,"27":17,"28":26,"29":4,"30":9,"31":1,"32":5,"33":1,"34":4,"35":1,"36":3,"37":1,"38":1,"40":26,"41":26,"42":26,"44":61,"45":0,"46":0,"47":0,"48":0,"49":0,"50":0,"52":61,"53":61,"55":1},"branchMap":{"0":{"type":"branch","line":4,"loc":{"start":{"line":4,"column":23},"end":{"line":54,"column":1}},"locations":[{"start":{"line":4,"column":23},"end":{"line":54,"column":1}}]},"1":{"type":"branch","line":10,"loc":{"start":{"line":10,"column":11},"end":{"line":21,"column":4}},"locations":[{"start":{"line":10,"column":11},"end":{"line":21,"column":4}}]},"2":{"type":"branch","line":11,"loc":{"start":{"line":11,"column":24},"end":{"line":15,"column":3}},"locations":[{"start":{"line":11,"column":24},"end":{"line":15,"column":3}}]},"3":{"type":"branch","line":20,"loc":{"start":{"line":20,"column":9},"end":{"line":20,"column":67}},"locations":[{"start":{"line":20,"column":9},"end":{"line":20,"column":67}}]},"4":{"type":"branch","line":23,"loc":{"start":{"line":23,"column":25},"end":{"line":43,"column":2}},"locations":[{"start":{"line":23,"column":25},"end":{"line":43,"column":2}}]},"5":{"type":"branch","line":27,"loc":{"start":{"line":27,"column":49},"end":{"line":29,"column":13}},"locations":[{"start":{"line":27,"column":49},"end":{"line":29,"column":13}}]},"6":{"type":"branch","line":29,"loc":{"start":{"line":29,"column":2},"end":{"line":39,"column":3}},"locations":[{"start":{"line":29,"column":2},"end":{"line":39,"column":3}}]},"7":{"type":"branch","line":29,"loc":{"start":{"line":29,"column":56},"end":{"line":31,"column":13}},"locations":[{"start":{"line":29,"column":56},"end":{"line":31,"column":13}}]},"8":{"type":"branch","line":31,"loc":{"start":{"line":31,"column":2},"end":{"line":39,"column":3}},"locations":[{"start":{"line":31,"column":2},"end":{"line":39,"column":3}}]},"9":{"type":"branch","line":31,"loc":{"start":{"line":31,"column":43},"end":{"line":33,"column":13}},"locations":[{"start":{"line":31,"column":43},"end":{"line":33,"column":13}}]},"10":{"type":"branch","line":33,"loc":{"start":{"line":33,"column":2},"end":{"line":39,"column":3}},"locations":[{"start":{"line":33,"column":2},"end":{"line":39,"column":3}}]},"11":{"type":"branch","line":33,"loc":{"start":{"line":33,"column":41},"end":{"line":35,"column":13}},"locations":[{"start":{"line":33,"column":41},"end":{"line":35,"column":13}}]},"12":{"type":"branch","line":35,"loc":{"start":{"line":35,"column":2},"end":{"line":39,"column":3}},"locations":[{"start":{"line":35,"column":2},"end":{"line":39,"column":3}}]},"13":{"type":"branch","line":35,"loc":{"start":{"line":35,"column":42},"end":{"line":37,"column":13}},"locations":[{"start":{"line":35,"column":42},"end":{"line":37,"column":13}}]},"14":{"type":"branch","line":37,"loc":{"start":{"line":37,"column":2},"end":{"line":39,"column":3}},"locations":[{"start":{"line":37,"column":2},"end":{"line":39,"column":3}}]},"15":{"type":"branch","line":37,"loc":{"start":{"line":37,"column":43},"end":{"line":39,"column":3}},"locations":[{"start":{"line":37,"column":43},"end":{"line":39,"column":3}}]},"16":{"type":"branch","line":41,"loc":{"start":{"line":41,"column":22},"end":{"line":41,"column":35}},"locations":[{"start":{"line":41,"column":22},"end":{"line":41,"column":35}}]}},"b":{"0":[61],"1":[34],"2":[26],"3":[34],"4":[26],"5":[17],"6":[9],"7":[4],"8":[5],"9":[1],"10":[4],"11":[1],"12":[3],"13":[1],"14":[2],"15":[1],"16":[0]},"fnMap":{"0":{"name":"useEditorState","decl":{"start":{"line":4,"column":23},"end":{"line":54,"column":1}},"loc":{"start":{"line":4,"column":23},"end":{"line":54,"column":1}},"line":4},"1":{"name":"handleMessage","decl":{"start":{"line":11,"column":24},"end":{"line":15,"column":3}},"loc":{"start":{"line":11,"column":24},"end":{"line":15,"column":3}},"line":11},"2":{"name":"setDocumentText","decl":{"start":{"line":23,"column":25},"end":{"line":43,"column":2}},"loc":{"start":{"line":23,"column":25},"end":{"line":43,"column":2}},"line":23},"3":{"name":"handleOnChange","decl":{"start":{"line":45,"column":24},"end":{"line":51,"column":2}},"loc":{"start":{"line":45,"column":24},"end":{"line":51,"column":2}},"line":45}},"f":{"0":61,"1":26,"2":26,"3":0}}
,"D:\\Facultad\\TIP\\TP\\pupil\\src\\webview\\components\\PupilEditor\\hooks\\useForwardRef.ts": {"path":"D:\\Facultad\\TIP\\TP\\pupil\\src\\webview\\components\\PupilEditor\\hooks\\useForwardRef.ts","all":false,"statementMap":{"0":{"start":{"line":1,"column":0},"end":{"line":1,"column":48}},"1":{"start":{"line":2,"column":0},"end":{"line":2,"column":56}},"5":{"start":{"line":6,"column":0},"end":{"line":6,"column":57}},"6":{"start":{"line":7,"column":0},"end":{"line":7,"column":68}},"7":{"start":{"line":8,"column":0},"end":{"line":8,"column":27}},"10":{"start":{"line":11,"column":0},"end":{"line":11,"column":58}},"11":{"start":{"line":12,"column":0},"end":{"line":12,"column":34}},"12":{"start":{"line":13,"column":0},"end":{"line":13,"column":27}},"13":{"start":{"line":14,"column":0},"end":{"line":14,"column":9}},"14":{"start":{"line":15,"column":0},"end":{"line":15,"column":3}},"17":{"start":{"line":18,"column":0},"end":{"line":18,"column":44}},"18":{"start":{"line":19,"column":0},"end":{"line":19,"column":23}},"19":{"start":{"line":20,"column":0},"end":{"line":20,"column":9}},"20":{"start":{"line":21,"column":0},"end":{"line":21,"column":3}},"22":{"start":{"line":23,"column":0},"end":{"line":23,"column":31}},"25":{"start":{"line":26,"column":0},"end":{"line":26,"column":42}},"26":{"start":{"line":27,"column":0},"end":{"line":27,"column":21}},"27":{"start":{"line":28,"column":0},"end":{"line":28,"column":9}},"28":{"start":{"line":29,"column":0},"end":{"line":29,"column":3}},"31":{"start":{"line":32,"column":0},"end":{"line":32,"column":22}},"32":{"start":{"line":33,"column":0},"end":{"line":33,"column":24}},"33":{"start":{"line":34,"column":0},"end":{"line":34,"column":29}},"34":{"start":{"line":35,"column":0},"end":{"line":35,"column":6}},"35":{"start":{"line":36,"column":0},"end":{"line":36,"column":27}},"36":{"start":{"line":37,"column":0},"end":{"line":37,"column":68}},"37":{"start":{"line":38,"column":0},"end":{"line":38,"column":4}},"38":{"start":{"line":39,"column":0},"end":{"line":39,"column":3}},"41":{"start":{"line":42,"column":0},"end":{"line":42,"column":19}},"42":{"start":{"line":43,"column":0},"end":{"line":43,"column":2}},"44":{"start":{"line":45,"column":0},"end":{"line":45,"column":66}},"45":{"start":{"line":46,"column":0},"end":{"line":46,"column":28}},"46":{"start":{"line":47,"column":0},"end":{"line":47,"column":2}},"48":{"start":{"line":49,"column":0},"end":{"line":49,"column":34}},"49":{"start":{"line":50,"column":0},"end":{"line":50,"column":46}},"50":{"start":{"line":51,"column":0},"end":{"line":51,"column":84}},"51":{"start":{"line":52,"column":0},"end":{"line":52,"column":60}},"52":{"start":{"line":53,"column":0},"end":{"line":53,"column":3}},"53":{"start":{"line":54,"column":0},"end":{"line":54,"column":18}},"54":{"start":{"line":55,"column":0},"end":{"line":55,"column":2}},"56":{"start":{"line":57,"column":0},"end":{"line":57,"column":54}},"57":{"start":{"line":58,"column":0},"end":{"line":58,"column":34}},"58":{"start":{"line":59,"column":0},"end":{"line":59,"column":23}},"59":{"start":{"line":60,"column":0},"end":{"line":60,"column":34}},"60":{"start":{"line":61,"column":0},"end":{"line":61,"column":19}},"61":{"start":{"line":62,"column":0},"end":{"line":62,"column":4}},"62":{"start":{"line":63,"column":0},"end":{"line":63,"column":4}},"63":{"start":{"line":64,"column":0},"end":{"line":64,"column":2}},"65":{"start":{"line":66,"column":0},"end":{"line":66,"column":43}},"66":{"start":{"line":67,"column":0},"end":{"line":67,"column":34}},"67":{"start":{"line":68,"column":0},"end":{"line":68,"column":40}},"68":{"start":{"line":69,"column":0},"end":{"line":69,"column":42}},"71":{"start":{"line":72,"column":0},"end":{"line":72,"column":52}},"72":{"start":{"line":73,"column":0},"end":{"line":73,"column":30}},"73":{"start":{"line":74,"column":0},"end":{"line":74,"column":5}},"74":{"start":{"line":75,"column":0},"end":{"line":75,"column":22}},"75":{"start":{"line":76,"column":0},"end":{"line":76,"column":10}},"76":{"start":{"line":77,"column":0},"end":{"line":77,"column":27}},"77":{"start":{"line":78,"column":0},"end":{"line":78,"column":5}},"78":{"start":{"line":79,"column":0},"end":{"line":79,"column":5}},"81":{"start":{"line":82,"column":0},"end":{"line":82,"column":43}},"82":{"start":{"line":83,"column":0},"end":{"line":83,"column":21}},"83":{"start":{"line":84,"column":0},"end":{"line":84,"column":24}},"84":{"start":{"line":85,"column":0},"end":{"line":85,"column":40}},"85":{"start":{"line":86,"column":0},"end":{"line":86,"column":45}},"86":{"start":{"line":87,"column":0},"end":{"line":87,"column":6}},"87":{"start":{"line":88,"column":0},"end":{"line":88,"column":4}},"89":{"start":{"line":90,"column":0},"end":{"line":90,"column":38}},"91":{"start":{"line":92,"column":0},"end":{"line":92,"column":9}},"92":{"start":{"line":93,"column":0},"end":{"line":93,"column":3}},"94":{"start":{"line":95,"column":0},"end":{"line":95,"column":37}},"95":{"start":{"line":96,"column":0},"end":{"line":96,"column":34}},"96":{"start":{"line":97,"column":0},"end":{"line":97,"column":24}},"97":{"start":{"line":98,"column":0},"end":{"line":98,"column":20}},"98":{"start":{"line":99,"column":0},"end":{"line":99,"column":24}},"99":{"start":{"line":100,"column":0},"end":{"line":100,"column":19}},"100":{"start":{"line":101,"column":0},"end":{"line":101,"column":4}},"102":{"start":{"line":103,"column":0},"end":{"line":103,"column":30}},"103":{"start":{"line":104,"column":0},"end":{"line":104,"column":5}},"104":{"start":{"line":105,"column":0},"end":{"line":105,"column":11}},"105":{"start":{"line":106,"column":0},"end":{"line":106,"column":10}},"106":{"start":{"line":107,"column":0},"end":{"line":107,"column":27}},"107":{"start":{"line":108,"column":0},"end":{"line":108,"column":5}},"108":{"start":{"line":109,"column":0},"end":{"line":109,"column":5}},"110":{"start":{"line":111,"column":0},"end":{"line":111,"column":17}},"112":{"start":{"line":113,"column":0},"end":{"line":113,"column":21}},"113":{"start":{"line":114,"column":0},"end":{"line":114,"column":66}},"114":{"start":{"line":115,"column":0},"end":{"line":115,"column":8}},"115":{"start":{"line":116,"column":0},"end":{"line":116,"column":3}},"116":{"start":{"line":117,"column":0},"end":{"line":117,"column":2}},"118":{"start":{"line":119,"column":0},"end":{"line":119,"column":31}},"119":{"start":{"line":120,"column":0},"end":{"line":120,"column":34}},"120":{"start":{"line":121,"column":0},"end":{"line":121,"column":40}},"121":{"start":{"line":122,"column":0},"end":{"line":122,"column":42}},"123":{"start":{"line":124,"column":0},"end":{"line":124,"column":50}},"125":{"start":{"line":126,"column":0},"end":{"line":126,"column":30}},"126":{"start":{"line":127,"column":0},"end":{"line":127,"column":31}},"127":{"start":{"line":128,"column":0},"end":{"line":128,"column":6}},"128":{"start":{"line":129,"column":0},"end":{"line":129,"column":23}},"129":{"start":{"line":130,"column":0},"end":{"line":130,"column":15}},"130":{"start":{"line":131,"column":0},"end":{"line":131,"column":28}},"131":{"start":{"line":132,"column":0},"end":{"line":132,"column":6}},"132":{"start":{"line":133,"column":0},"end":{"line":133,"column":6}},"135":{"start":{"line":136,"column":0},"end":{"line":136,"column":24}},"136":{"start":{"line":137,"column":0},"end":{"line":137,"column":43}},"137":{"start":{"line":138,"column":0},"end":{"line":138,"column":34}},"138":{"start":{"line":139,"column":0},"end":{"line":139,"column":6}},"140":{"start":{"line":141,"column":0},"end":{"line":141,"column":39}},"142":{"start":{"line":143,"column":0},"end":{"line":143,"column":10}},"143":{"start":{"line":144,"column":0},"end":{"line":144,"column":4}},"145":{"start":{"line":146,"column":0},"end":{"line":146,"column":31}},"147":{"start":{"line":148,"column":0},"end":{"line":148,"column":34}},"148":{"start":{"line":149,"column":0},"end":{"line":149,"column":36}},"149":{"start":{"line":150,"column":0},"end":{"line":150,"column":17}},"150":{"start":{"line":151,"column":0},"end":{"line":151,"column":46}},"151":{"start":{"line":152,"column":0},"end":{"line":152,"column":58}},"154":{"start":{"line":155,"column":0},"end":{"line":155,"column":90}},"156":{"start":{"line":157,"column":0},"end":{"line":157,"column":33}},"157":{"start":{"line":158,"column":0},"end":{"line":158,"column":8}},"158":{"start":{"line":159,"column":0},"end":{"line":159,"column":14}},"159":{"start":{"line":160,"column":0},"end":{"line":160,"column":17}},"160":{"start":{"line":161,"column":0},"end":{"line":161,"column":30}},"161":{"start":{"line":162,"column":0},"end":{"line":162,"column":8}},"162":{"start":{"line":163,"column":0},"end":{"line":163,"column":8}},"165":{"start":{"line":166,"column":0},"end":{"line":166,"column":78}},"167":{"start":{"line":168,"column":0},"end":{"line":168,"column":41}},"168":{"start":{"line":169,"column":0},"end":{"line":169,"column":6}},"169":{"start":{"line":170,"column":0},"end":{"line":170,"column":5}},"170":{"start":{"line":171,"column":0},"end":{"line":171,"column":10}},"171":{"start":{"line":172,"column":0},"end":{"line":172,"column":4}},"174":{"start":{"line":175,"column":0},"end":{"line":175,"column":34}},"175":{"start":{"line":176,"column":0},"end":{"line":176,"column":24}},"176":{"start":{"line":177,"column":0},"end":{"line":177,"column":24}},"177":{"start":{"line":178,"column":0},"end":{"line":178,"column":24}},"178":{"start":{"line":179,"column":0},"end":{"line":179,"column":19}},"179":{"start":{"line":180,"column":0},"end":{"line":180,"column":4}},"181":{"start":{"line":182,"column":0},"end":{"line":182,"column":30}},"182":{"start":{"line":183,"column":0},"end":{"line":183,"column":5}},"183":{"start":{"line":184,"column":0},"end":{"line":184,"column":11}},"184":{"start":{"line":185,"column":0},"end":{"line":185,"column":14}},"185":{"start":{"line":186,"column":0},"end":{"line":186,"column":27}},"186":{"start":{"line":187,"column":0},"end":{"line":187,"column":5}},"187":{"start":{"line":188,"column":0},"end":{"line":188,"column":5}},"189":{"start":{"line":190,"column":0},"end":{"line":190,"column":38}},"190":{"start":{"line":191,"column":0},"end":{"line":191,"column":3}},"191":{"start":{"line":192,"column":0},"end":{"line":192,"column":2}},"193":{"start":{"line":194,"column":0},"end":{"line":194,"column":30}},"194":{"start":{"line":
[...]
,"D:\\Facultad\\TIP\\TP\\pupil\\src\\webview\\contexts\\KeyboardFocusContext.tsx": {"path":"D:\\Facultad\\TIP\\TP\\pupil\\src\\webview\\contexts\\KeyboardFocusContext.tsx","all":false,"statementMap":{"0":{"start":{"line":1,"column":0},"end":{"line":1,"column":77}},"10":{"start":{"line":11,"column":0},"end":{"line":11,"column":81}},"12":{"start":{"line":13,"column":0},"end":{"line":13,"column":97}},"13":{"start":{"line":14,"column":0},"end":{"line":14,"column":83}},"14":{"start":{"line":15,"column":0},"end":{"line":15,"column":51}},"16":{"start":{"line":17,"column":0},"end":{"line":17,"column":63}},"17":{"start":{"line":18,"column":0},"end":{"line":18,"column":24}},"18":{"start":{"line":19,"column":0},"end":{"line":19,"column":7}},"20":{"start":{"line":21,"column":0},"end":{"line":21,"column":95}},"21":{"start":{"line":22,"column":0},"end":{"line":22,"column":32}},"23":{"start":{"line":24,"column":0},"end":{"line":24,"column":36}},"25":{"start":{"line":26,"column":0},"end":{"line":26,"column":28}},"26":{"start":{"line":27,"column":0},"end":{"line":27,"column":3}},"27":{"start":{"line":28,"column":0},"end":{"line":28,"column":7}},"29":{"start":{"line":30,"column":0},"end":{"line":30,"column":62}},"30":{"start":{"line":31,"column":0},"end":{"line":31,"column":38}},"31":{"start":{"line":32,"column":0},"end":{"line":32,"column":15}},"32":{"start":{"line":33,"column":0},"end":{"line":33,"column":9}},"33":{"start":{"line":34,"column":0},"end":{"line":34,"column":3}},"35":{"start":{"line":36,"column":0},"end":{"line":36,"column":41}},"36":{"start":{"line":37,"column":0},"end":{"line":37,"column":37}},"37":{"start":{"line":38,"column":0},"end":{"line":38,"column":34}},"38":{"start":{"line":39,"column":0},"end":{"line":39,"column":88}},"39":{"start":{"line":40,"column":0},"end":{"line":40,"column":24}},"41":{"start":{"line":42,"column":0},"end":{"line":42,"column":58}},"42":{"start":{"line":43,"column":0},"end":{"line":43,"column":33}},"44":{"start":{"line":45,"column":0},"end":{"line":45,"column":41}},"45":{"start":{"line":46,"column":0},"end":{"line":46,"column":51}},"46":{"start":{"line":47,"column":0},"end":{"line":47,"column":15}},"47":{"start":{"line":48,"column":0},"end":{"line":48,"column":7}},"49":{"start":{"line":50,"column":0},"end":{"line":50,"column":50}},"50":{"start":{"line":51,"column":0},"end":{"line":51,"column":38}},"51":{"start":{"line":52,"column":0},"end":{"line":52,"column":15}},"52":{"start":{"line":53,"column":0},"end":{"line":53,"column":9}},"53":{"start":{"line":54,"column":0},"end":{"line":54,"column":3}},"55":{"start":{"line":56,"column":0},"end":{"line":56,"column":41}},"56":{"start":{"line":57,"column":0},"end":{"line":57,"column":37}},"57":{"start":{"line":58,"column":0},"end":{"line":58,"column":34}},"59":{"start":{"line":60,"column":0},"end":{"line":60,"column":22}},"60":{"start":{"line":61,"column":0},"end":{"line":61,"column":25}},"62":{"start":{"line":63,"column":0},"end":{"line":63,"column":22}},"63":{"start":{"line":64,"column":0},"end":{"line":64,"column":76}},"64":{"start":{"line":65,"column":0},"end":{"line":65,"column":22}},"65":{"start":{"line":66,"column":0},"end":{"line":66,"column":25}},"66":{"start":{"line":67,"column":0},"end":{"line":67,"column":82}},"67":{"start":{"line":68,"column":0},"end":{"line":68,"column":26}},"68":{"start":{"line":69,"column":0},"end":{"line":69,"column":10}},"69":{"start":{"line":70,"column":0},"end":{"line":70,"column":9}},"70":{"start":{"line":71,"column":0},"end":{"line":71,"column":3}},"72":{"start":{"line":73,"column":0},"end":{"line":73,"column":65}},"73":{"start":{"line":74,"column":0},"end":{"line":74,"column":37}},"74":{"start":{"line":75,"column":0},"end":{"line":75,"column":10}},"75":{"start":{"line":76,"column":0},"end":{"line":76,"column":8}},"77":{"start":{"line":78,"column":0},"end":{"line":78,"column":31}},"78":{"start":{"line":79,"column":0},"end":{"line":79,"column":47}},"79":{"start":{"line":80,"column":0},"end":{"line":80,"column":10}},"80":{"start":{"line":81,"column":0},"end":{"line":81,"column":25}},"81":{"start":{"line":82,"column":0},"end":{"line":82,"column":3}},"83":{"start":{"line":84,"column":0},"end":{"line":84,"column":58}},"84":{"start":{"line":85,"column":0},"end":{"line":85,"column":33}},"86":{"start":{"line":87,"column":0},"end":{"line":87,"column":51}},"87":{"start":{"line":88,"column":0},"end":{"line":88,"column":15}},"88":{"start":{"line":89,"column":0},"end":{"line":89,"column":7}},"90":{"start":{"line":91,"column":0},"end":{"line":91,"column":9}},"91":{"start":{"line":92,"column":0},"end":{"line":92,"column":32}},"92":{"start":{"line":93,"column":0},"end":{"line":93,"column":11}},"93":{"start":{"line":94,"column":0},"end":{"line":94,"column":32}},"94":{"start":{"line":95,"column":0},"end":{"line":95,"column":19}},"95":{"start":{"line":96,"column":0},"end":{"line":96,"column":26}},"96":{"start":{"line":97,"column":0},"end":{"line":97,"column":26}},"97":{"start":{"line":98,"column":0},"end":{"line":98,"column":16}},"98":{"start":{"line":99,"column":0},"end":{"line":99,"column":5}},"100":{"start":{"line":101,"column":0},"end":{"line":101,"column":13}},"101":{"start":{"line":102,"column":0},"end":{"line":102,"column":34}},"103":{"start":{"line":104,"column":0},"end":{"line":104,"column":1}},"105":{"start":{"line":106,"column":0},"end":{"line":106,"column":39}},"106":{"start":{"line":107,"column":0},"end":{"line":107,"column":49}},"107":{"start":{"line":108,"column":0},"end":{"line":108,"column":16}},"108":{"start":{"line":109,"column":0},"end":{"line":109,"column":18}},"109":{"start":{"line":110,"column":0},"end":{"line":110,"column":125}},"110":{"start":{"line":111,"column":0},"end":{"line":111,"column":3}},"111":{"start":{"line":112,"column":0},"end":{"line":112,"column":2}},"112":{"start":{"line":113,"column":0},"end":{"line":113,"column":15}},"113":{"start":{"line":114,"column":0},"end":{"line":114,"column":1}}},"s":{"0":1,"10":1,"12":1,"13":53,"14":53,"16":53,"17":0,"18":53,"20":53,"21":28,"23":28,"25":0,"26":0,"27":53,"29":53,"30":0,"31":0,"32":0,"33":0,"35":0,"36":0,"37":0,"38":0,"39":0,"41":0,"42":0,"44":0,"45":0,"46":0,"47":53,"49":53,"50":0,"51":0,"52":0,"53":0,"55":0,"56":0,"57":0,"59":0,"60":0,"62":0,"63":0,"64":0,"65":0,"66":0,"67":0,"68":0,"69":0,"70":0,"72":0,"73":0,"74":0,"75":0,"77":0,"78":0,"79":0,"80":0,"81":0,"83":0,"84":0,"86":0,"87":0,"88":53,"90":53,"91":53,"92":53,"93":53,"94":53,"95":53,"96":53,"97":53,"98":53,"100":53,"101":53,"103":53,"105":1,"106":91,"107":91,"108":0,"109":0,"110":0,"111":0,"112":91,"113":91},"branchMap":{"0":{"type":"branch","line":13,"loc":{"start":{"line":13,"column":78},"end":{"line":104,"column":1}},"locations":[{"start":{"line":13,"column":78},"end":{"line":104,"column":1}}]},"1":{"type":"branch","line":21,"loc":{"start":{"line":21,"column":36},"end":{"line":28,"column":4}},"locations":[{"start":{"line":21,"column":36},"end":{"line":28,"column":4}}]},"2":{"type":"branch","line":24,"loc":{"start":{"line":24,"column":35},"end":{"line":27,"column":3}},"locations":[{"start":{"line":24,"column":35},"end":{"line":27,"column":3}}]},"3":{"type":"branch","line":106,"loc":{"start":{"line":106,"column":32},"end":{"line":114,"column":1}},"locations":[{"start":{"line":106,"column":32},"end":{"line":114,"column":1}}]},"4":{"type":"branch","line":108,"loc":{"start":{"line":108,"column":15},"end":{"line":112,"column":2}},"locations":[{"start":{"line":108,"column":15},"end":{"line":112,"column":2}}]}},"b":{"0":[53],"1":[28],"2":[0],"3":[91],"4":[0]},"fnMap":{"0":{"name":"KeyboardFocusProvider","decl":{"start":{"line":13,"column":78},"end":{"line":104,"column":1}},"loc":{"start":{"line":13,"column":78},"end":{"line":104,"column":1}},"line":13},"1":{"name":"useKeyboardFocus","decl":{"start":{"line":106,"column":32},"end":{"line":114,"column":1}},"loc":{"start":{"line":106,"column":32},"end":{"line":114,"column":1}},"line":106}},"f":{"0":53,"1":91}}
,"D:\\Facultad\\TIP\\TP\\pupil\\src\\webview\\contexts\\VsCodeApiContext.tsx": {"path":"D:\\Facultad\\TIP\\TP\\pupil\\src\\webview\\contexts\\VsCodeApiContext.tsx","all":false,"statementMap":{"0":{"start":{"line":1,"column":0},"end":{"line":1,"column":56}},"2":{"start":{"line":3,"column":0},"end":{"line":3,"column":59}},"4":{"start":{"line":5,"column":0},"end":{"line":5,"column":62}},"6":{"start":{"line":7,"column":0},"end":{"line":7,"column":93}},"7":{"start":{"line":8,"column":0},"end":{"line":8,"column":55}},"9":{"start":{"line":10,"column":0},"end":{"line":10,"column":32}},"10":{"start":{"line":11,"column":0},"end":{"line":11,"column":19}},"11":{"start":{"line":12,"column":0},"end":{"line":12,"column":31}},"12":{"start":{"line":13,"column":0},"end":{"line":13,"column":54}},"13":{"start":{"line":14,"column":0},"end":{"line":14,"column":31}},"15":{"start":{"line":16,"column":0},"end":{"line":16,"column":88}},"16":{"start":{"line":17,"column":0},"end":{"line":17,"column":1}},"18":{"start":{"line":19,"column":0},"end":{"line":19,"column":35}},"19":{"start":{"line":20,"column":0},"end":{"line":20,"column":45}},"20":{"start":{"line":21,"column":0},"end":{"line":21,"column":16}},"21":{"start":{"line":22,"column":0},"end":{"line":22,"column":73}},"22":{"start":{"line":23,"column":0},"end":{"line":23,"column":2}},"23":{"start":{"line":24,"column":0},"end":{"line":24,"column":15}},"24":{"start":{"line":25,"column":0},"end":{"line":25,"column":1}}},"s":{"0":1,"2":1,"4":1,"6":1,"7":94,"9":94,"10":90,"11":4,"12":1,"13":3,"15":94,"16":94,"18":1,"19":164,"20":164,"21":0,"22":0,"23":164,"24":164},"branchMap":{"0":{"type":"branch","line":7,"loc":{"start":{"line":7,"column":74},"end":{"line":17,"column":1}},"locations":[{"start":{"line":7,"column":74},"end":{"line":17,"column":1}}]},"1":{"type":"branch","line":10,"loc":{"start":{"line":10,"column":27},"end":{"line":11,"column":19}},"locations":[{"start":{"line":10,"column":27},"end":{"line":11,"column":19}}]},"2":{"type":"branch","line":11,"loc":{"start":{"line":11,"column":18},"end":{"line":14,"column":31}},"locations":[{"start":{"line":11,"column":18},"end":{"line":14,"column":31}}]},"3":{"type":"branch","line":12,"loc":{"start":{"line":12,"column":12},"end":{"line":13,"column":54}},"locations":[{"start":{"line":12,"column":12},"end":{"line":13,"column":54}}]},"4":{"type":"branch","line":13,"loc":{"start":{"line":13,"column":52},"end":{"line":14,"column":31}},"locations":[{"start":{"line":13,"column":52},"end":{"line":14,"column":31}}]},"5":{"type":"branch","line":19,"loc":{"start":{"line":19,"column":28},"end":{"line":25,"column":1}},"locations":[{"start":{"line":19,"column":28},"end":{"line":25,"column":1}}]},"6":{"type":"branch","line":21,"loc":{"start":{"line":21,"column":15},"end":{"line":23,"column":2}},"locations":[{"start":{"line":21,"column":15},"end":{"line":23,"column":2}}]}},"b":{"0":[94],"1":[90],"2":[4],"3":[1],"4":[3],"5":[164],"6":[0]},"fnMap":{"0":{"name":"VsCodeApiProvider","decl":{"start":{"line":7,"column":74},"end":{"line":17,"column":1}},"loc":{"start":{"line":7,"column":74},"end":{"line":17,"column":1}},"line":7},"1":{"name":"useVsCodeApi","decl":{"start":{"line":19,"column":28},"end":{"line":25,"column":1}},"loc":{"start":{"line":19,"column":28},"end":{"line":25,"column":1}},"line":19}},"f":{"0":94,"1":164}}
,"D:\\Facultad\\TIP\\TP\\pupil\\src\\webview\\mocks\\MockPupilProvider.tsx": {"path":"D:\\Facultad\\TIP\\TP\\pupil\\src\\webview\\mocks\\MockPupilProvider.tsx","all":true,"statementMap":{"0":{"start":{"line":1,"column":0},"end":{"line":1,"column":40}},"2":{"start":{"line":3,"column":0},"end":{"line":3,"column":87}},"3":{"start":{"line":4,"column":0},"end":{"line":4,"column":20}},"4":{"start":{"line":5,"column":0},"end":{"line":5,"column":31}},"5":{"start":{"line":6,"column":0},"end":{"line":6,"column":31}},"6":{"start":{"line":7,"column":0},"end":{"line":7,"column":30}},"7":{"start":{"line":8,"column":0},"end":{"line":8,"column":2}},"9":{"start":{"line":10,"column":0},"end":{"line":10,"column":18}},"18":{"start":{"line":19,"column":0},"end":{"line":19,"column":18}},"19":{"start":{"line":20,"column":0},"end":{"line":20,"column":50}},"20":{"start":{"line":21,"column":0},"end":{"line":21,"column":29}},"21":{"start":{"line":22,"column":0},"end":{"line":22,"column":26}},"22":{"start":{"line":23,"column":0},"end":{"line":23,"column":40}},"23":{"start":{"line":24,"column":0},"end":{"line":24,"column":10}},"24":{"start":{"line":25,"column":0},"end":{"line":25,"column":25}},"25":{"start":{"line":26,"column":0},"end":{"line":26,"column":39}},"26":{"start":{"line":27,"column":0},"end":{"line":27,"column":10}},"27":{"start":{"line":28,"column":0},"end":{"line":28,"column":26}},"28":{"start":{"line":29,"column":0},"end":{"line":29,"column":40}},"29":{"start":{"line":30,"column":0},"end":{"line":30,"column":10}},"30":{"start":{"line":31,"column":0},"end":{"line":31,"column":26}},"31":{"start":{"line":32,"column":0},"end":{"line":32,"column":40}},"32":{"start":{"line":33,"column":0},"end":{"line":33,"column":10}},"33":{"start":{"line":34,"column":0},"end":{"line":34,"column":27}},"34":{"start":{"line":35,"column":0},"end":{"line":35,"column":41}},"35":{"start":{"line":36,"column":0},"end":{"line":36,"column":10}},"36":{"start":{"line":37,"column":0},"end":{"line":37,"column":25}},"37":{"start":{"line":38,"column":0},"end":{"line":38,"column":39}},"38":{"start":{"line":39,"column":0},"end":{"line":39,"column":10}},"39":{"start":{"line":40,"column":0},"end":{"line":40,"column":25}},"40":{"start":{"line":41,"column":0},"end":{"line":41,"column":39}},"41":{"start":{"line":42,"column":0},"end":{"line":42,"column":10}},"42":{"start":{"line":43,"column":0},"end":{"line":43,"column":25}},"43":{"start":{"line":44,"column":0},"end":{"line":44,"column":25}},"44":{"start":{"line":45,"column":0},"end":{"line":45,"column":28}},"45":{"start":{"line":46,"column":0},"end":{"line":46,"column":24}},"46":{"start":{"line":47,"column":0},"end":{"line":47,"column":7}},"47":{"start":{"line":48,"column":0},"end":{"line":48,"column":10}},"48":{"start":{"line":49,"column":0},"end":{"line":49,"column":17}},"49":{"start":{"line":50,"column":0},"end":{"line":50,"column":25}},"50":{"start":{"line":51,"column":0},"end":{"line":51,"column":19}},"51":{"start":{"line":52,"column":0},"end":{"line":52,"column":26}},"52":{"start":{"line":53,"column":0},"end":{"line":53,"column":13}},"53":{"start":{"line":54,"column":0},"end":{"line":54,"column":7}},"54":{"start":{"line":55,"column":0},"end":{"line":55,"column":10}},"55":{"start":{"line":56,"column":0},"end":{"line":56,"column":12}},"56":{"start":{"line":57,"column":0},"end":{"line":57,"column":57}},"57":{"start":{"line":58,"column":0},"end":{"line":58,"column":4}},"58":{"start":{"line":59,"column":0},"end":{"line":59,"column":3}},"60":{"start":{"line":61,"column":0},"end":{"line":61,"column":51}},"61":{"start":{"line":62,"column":0},"end":{"line":62,"column":67}},"62":{"start":{"line":63,"column":0},"end":{"line":63,"column":7}},"64":{"start":{"line":65,"column":0},"end":{"line":65,"column":23}},"65":{"start":{"line":66,"column":0},"end":{"line":66,"column":1}},"67":{"start":{"line":68,"column":0},"end":{"line":68,"column":32}}},"s":{"0":0,"2":0,"3":0,"4":0,"5":0,"6":0,"7":0,"9":0,"18":0,"19":0,"20":0,"21":0,"22":0,"23":0,"24":0,"25":0,"26":0,"27":0,"28":0,"29":0,"30":0,"31":0,"32":0,"33":0,"34":0,"35":0,"36":0,"37":0,"38":0,"39":0,"40":0,"41":0,"42":0,"43":0,"44":0,"45":0,"46":0,"47":0,"48":0,"49":0,"50":0,"51":0,"52":0,"53":0,"54":0,"55":0,"56":0,"57":0,"58":0,"60":0,"61":0,"62":0,"64":0,"65":0,"67":0},"branchMap":{"0":{"type":"branch","line":1,"loc":{"start":{"line":1,"column":1621},"end":{"line":68,"column":32}},"locations":[{"start":{"line":1,"column":1621},"end":{"line":68,"column":32}}]}},"b":{"0":[0]},"fnMap":{"0":{"name":"(empty-report)","decl":{"start":{"line":1,"column":1621},"end":{"line":68,"column":32}},"loc":{"start":{"line":1,"column":1621},"end":{"line":68,"column":32}},"line":1}},"f":{"0":0}}
,"D:\\Facultad\\TIP\\TP\\pupil\\src\\webview\\mocks\\MockVsCodeApi.ts": {"path":"D:\\Facultad\\TIP\\TP\\pupil\\src\\webview\\mocks\\MockVsCodeApi.ts","all":false,"statementMap":{"3":{"start":{"line":4,"column":0},"end":{"line":4,"column":40}},"4":{"start":{"line":5,"column":0},"end":{"line":5,"column":9}},"5":{"start":{"line":6,"column":0},"end":{"line":6,"column":44}},"6":{"start":{"line":7,"column":0},"end":{"line":7,"column":35}},"7":{"start":{"line":8,"column":0},"end":{"line":8,"column":3}},"8":{"start":{"line":9,"column":0},"end":{"line":9,"column":2}},"9":{"start":{"line":10,"column":0},"end":{"line":10,"column":1}},"11":{"start":{"line":12,"column":0},"end":{"line":12,"column":28}}},"s":{"3":1,"4":5,"5":5,"6":0,"7":0,"8":5,"9":5,"11":1},"branchMap":{"0":{"type":"branch","line":4,"loc":{"start":{"line":4,"column":22},"end":{"line":10,"column":1}},"locations":[{"start":{"line":4,"column":22},"end":{"line":10,"column":1}}]}},"b":{"0":[5]},"fnMap":{"0":{"name":"mockVsCodeApi","decl":{"start":{"line":4,"column":22},"end":{"line":10,"column":1}},"loc":{"start":{"line":4,"column":22},"end":{"line":10,"column":1}},"line":4},"1":{"name":"postMessage","decl":{"start":{"line":6,"column":15},"end":{"line":8,"column":3}},"loc":{"start":{"line":6,"column":15},"end":{"line":8,"column":3}},"line":6}},"f":{"0":5,"1":0}}
,"D:\\Facultad\\TIP\\TP\\pupil\\src\\webview\\types\\Message.ts": {"path":"D:\\Facultad\\TIP\\TP\\pupil\\src\\webview\\types\\Message.ts","all":true,"statementMap":{},"s":{},"branchMap":{"0":{"type":"branch","line":1,"loc":{"start":{"line":1,"column":403},"end":{"line":22,"column":15}},"locations":[{"start":{"line":1,"column":403},"end":{"line":22,"column":15}}]}},"b":{"0":[1]},"fnMap":{"0":{"name":"(empty-report)","decl":{"start":{"line":1,"column":403},"end":{"line":22,"column":15}},"loc":{"start":{"line":1,"column":403},"end":{"line":22,"column":15}},"line":1}},"f":{"0":1}}
,"D:\\Facultad\\TIP\\TP\\pupil\\src\\webview\\types\\PupilEditorHandle.ts": {"path":"D:\\Facultad\\TIP\\TP\\pupil\\src\\webview\\types\\PupilEditorHandle.ts","all":true,"statementMap":{},"s":{},"branchMap":{"0":{"type":"branch","line":1,"loc":{"start":{"line":1,"column":492},"end":{"line":15,"column":1}},"locations":[{"start":{"line":1,"column":492},"end":{"line":15,"column":1}}]}},"b":{"0":[1]},"fnMap":{"0":{"name":"(empty-report)","decl":{"start":{"line":1,"column":492},"end":{"line":15,"column":1}},"loc":{"start":{"line":1,"column":492},"end":{"line":15,"column":1}},"line":1}},"f":{"0":1}}
,"D:\\Facultad\\TIP\\TP\\pupil\\src\\webview\\types\\Terminal.ts": {"path":"D:\\Facultad\\TIP\\TP\\pupil\\src\\webview\\types\\Terminal.ts","all":true,"statementMap":{},"s":{},"branchMap":{"0":{"type":"branch","line":1,"loc":{"start":{"line":1,"column":94},"end":{"line":6,"column":23}},"locations":[{"start":{"line":1,"column":94},"end":{"line":6,"column":23}}]}},"b":{"0":[1]},"fnMap":{"0":{"name":"(empty-report)","decl":{"start":{"line":1,"column":94},"end":{"line":6,"column":23}},"loc":{"start":{"line":1,"column":94},"end":{"line":6,"column":23}},"line":1}},"f":{"0":1}}
,"D:\\Facultad\\TIP\\TP\\pupil\\src\\webview\\types\\VsCodeMessage.ts": {"path":"D:\\Facultad\\TIP\\TP\\pupil\\src\\webview\\types\\VsCodeMessage.ts","all":true,"statementMap":{},"s":{},"branchMap":{"0":{"type":"branch","line":1,"loc":{"start":{"line":1,"column":97},"end":{"line":6,"column":28}},"locations":[{"start":{"line":1,"column":97},"end":{"line":6,"column":28}}]}},"b":{"0":[1]},"fnMap":{"0":{"name":"(empty-report)","decl":{"start":{"line":1,"column":97},"end":{"line":6,"column":28}},"loc":{"start":{"line":1,"column":97},"end":{"line":6,"column":28}},"line":1}},"f":{"0":1}}
}
